[{name: 'Guar-0.05',
color: 'rgba(213,213,213,.5)',
  data: [[14.9, 0.004178],
           [14.9, 0.0035670000000000003],
           [15.0, 0.003529],
           [15.2, 0.003936],
           [15.3, 0.003625],
           [15.4, 0.003799],
           [15.6, 0.0037570000000000004],
           [15.8, 0.003493],
           [15.9, 0.0034590000000000003],
           [16.1, 0.0032530000000000002],
           [16.3, 0.00344],
           [16.4, 0.0035600000000000002],
           [16.6, 0.003769],
           [16.8, 0.003819],
           [17.0, 0.003525],
           [17.2, 0.003478],
           [17.4, 0.0033740000000000003],
           [17.6, 0.003229],
           [17.8, 0.003371],
           [17.9, 0.0036090000000000002],
           [18.1, 0.003684],
           [18.3, 0.003477],
           [18.5, 0.0035369999999999998],
           [18.7, 0.0030440000000000003],
           [18.9, 0.0032559999999999998],
           [19.1, 0.003377],
           [19.2, 0.003449],
           [19.4, 0.003622],
           [19.6, 0.003453],
           [19.7, 0.003316],
           [20.0, 0.003305],
           [20.1, 0.002953],
           [20.3, 0.003125],
           [20.5, 0.003452],
           [20.6, 0.003457],
           [20.8, 0.003428],
           [21.0, 0.003343],
           [21.2, 0.003477],
           [21.3, 0.00294],
           [21.5, 0.0031760000000000004],
           [21.7, 0.003481],
           [21.8, 0.003352],
           [22.0, 0.003287],
           [22.2, 0.0030870000000000003],
           [22.3, 0.0030659999999999997],
           [22.5, 0.003108],
           [22.7, 0.003069],
           [22.9, 0.003169],
           [23.0, 0.004018],
           [23.2, 0.0033510000000000002],
           [23.4, 0.002977],
           [23.5, 0.002985],
           [23.7, 0.003007],
           [23.9, 0.003088],
           [24.1, 0.003104],
           [24.2, 0.004386],
           [24.3, 0.003319],
           [24.6, 0.003053],
           [24.7, 0.0029660000000000003],
           [24.9, 0.0028980000000000004],
           [25.0, 0.002741],
           [25.2, 0.003034],
           [25.4, 0.003211],
           [25.6, 0.0032730000000000003],
           [25.8, 0.003247],
           [25.9, 0.0029300000000000003],
           [26.1, 0.0028020000000000002],
           [26.2, 0.002782],
           [26.4, 0.003092],
           [26.6, 0.0030830000000000002],
           [26.7, 0.00316],
           [26.9, 0.0031560000000000004],
           [27.1, 0.002947],
           [27.3, 0.0026520000000000003],
           [27.4, 0.002565],
           [27.6, 0.00268],
           [27.7, 0.002984],
           [27.9, 0.003002],
           [28.1, 0.0031760000000000004],
           [28.3, 0.002846],
           [28.4, 0.002908],
           [28.6, 0.002715],
           [28.7, 0.002749],
           [28.9, 0.002735],
           [29.1, 0.003063],
           [29.2, 0.0031030000000000003],
           [29.4, 0.002872],
           [29.6, 0.002912],
           [29.8, 0.002675],
           [29.9, 0.0029720000000000002],
           [30.1, 0.00269],
           [30.2, 0.002886],
           [30.4, 0.0029230000000000003],
           [30.6, 0.002992],
           [30.7, 0.002706],
           [30.9, 0.0028079999999999997],
           [31.1, 0.002655],
           [31.2, 0.002677],
           [31.4, 0.00287],
           [31.6, 0.0028450000000000003],
           [31.7, 0.002767],
           [31.9, 0.002657],
           [32.1, 0.002554],
           [32.3, 0.002579],
           [32.4, 0.002696],
           [32.6, 0.002755],
           [32.7, 0.0027210000000000003],
           [32.9, 0.0026669999999999997],
           [33.1, 0.0025870000000000003],
           [33.2, 0.0024990000000000004],
           [33.4, 0.0023780000000000003],
           [33.6, 0.002606],
           [33.8, 0.00264],
           [33.9, 0.002663],
           [34.1, 0.002543],
           [34.2, 0.002573],
           [34.4, 0.002432],
           [34.6, 0.002336],
           [34.8, 0.00256],
           [34.9, 0.0025369999999999998],
           [35.1, 0.00266],
           [35.2, 0.002574],
           [35.4, 0.0024660000000000003],
           [35.6, 0.002331],
           [35.8, 0.002321],
           [36.0, 0.002388],
           [36.1, 0.002395],
           [36.2, 0.002475],
           [36.5, 0.0025350000000000004],
           [36.6, 0.002457],
           [36.7, 0.002507],
           [36.9, 0.0022559999999999998],
           [37.1, 0.002337],
           [37.3, 0.002529],
           [37.4, 0.0027300000000000002],
           [37.6, 0.0026200000000000004],
           [37.7, 0.002524],
           [37.9, 0.002284],
           [38.1, 0.00223],
           [38.3, 0.002317],
           [38.4, 0.002481],
           [38.6, 0.002546],
           [38.8, 0.0025310000000000003],
           [39.0, 0.0025640000000000003],
           [39.1, 0.0023250000000000002],
           [39.3, 0.002245],
           [39.4, 0.002296],
           [39.6, 0.00242],
           [39.8, 0.00257],
           [39.9, 0.002485],
           [40.1, 0.002301],
           [40.2, 0.00226],
           [40.4, 0.0022730000000000003],
           [40.5, 0.00229],
           [40.8, 0.002327],
           [40.9, 0.002404],
           [41.1, 0.002467],
           [41.3, 0.0023610000000000003],
           [41.4, 0.0023090000000000003],
           [41.6, 0.002267],
           [41.7, 0.0022370000000000003],
           [41.9, 0.002451],
           [42.1, 0.0025800000000000003],
           [42.3, 0.0024660000000000003],
           [42.4, 0.0023799999999999997],
           [42.6, 0.002346],
           [42.8, 0.002462],
           [42.9, 0.0022040000000000002],
           [43.1, 0.0023799999999999997],
           [43.3, 0.0025009999999999998],
           [43.4, 0.002519],
           [43.6, 0.002436],
           [43.8, 0.002301],
           [44.0, 0.002353],
           [44.1, 0.0023929999999999997],
           [44.3, 0.002457],
           [44.4, 0.0026360000000000003],
           [44.6, 0.002525],
           [44.8, 0.002626],
           [44.9, 0.0025499999999999997],
           [45.1, 0.002392],
           [45.3, 0.002431],
           [45.4, 0.0030369999999999998],
           [45.6, 0.002886],
           [45.8, 0.002884],
           [45.9, 0.002654],
           [46.1, 0.002538],
           [46.2, 0.002795],
           [46.5, 0.002456],
           [46.6, 0.0025640000000000003],
           [46.8, 0.002599],
           [46.9, 0.002734],
           [47.1, 0.00279],
           [47.3, 0.002634],
           [47.4, 0.002483],
           [47.6, 0.002549],
           [47.8, 0.002563],
           [47.9, 0.002711],
           [48.0, 0.002745],
           [48.2, 0.002767],
           [48.4, 0.002638],
           [48.6, 0.002612],
           [48.8, 0.002706],
           [48.9, 0.002597],
           [49.1, 0.0027010000000000003],
           [49.3, 0.002811],
           [49.5, 0.0028020000000000002],
           [49.6, 0.002936],
           [49.8, 0.002832],
           [49.9, 0.0027440000000000003],
           [50.1, 0.002731],
           [50.2, 0.002763],
           [50.5, 0.0029980000000000002],
           [50.6, 0.002991],
           [50.8, 0.0030369999999999998],
           [50.9, 0.002953],
           [51.1, 0.002916],
           [51.3, 0.0029900000000000005],
           [51.5, 0.0032519999999999997],
           [51.6, 0.003166],
           [51.8, 0.0031880000000000003],
           [51.9, 0.003155],
           [52.1, 0.003258],
           [52.3, 0.003078],
           [52.4, 0.003562],
           [52.6, 0.004064],
           [52.7, 0.003768],
           [52.9, 0.003385],
           [53.1, 0.003229],
           [53.3, 0.003128],
           [53.5, 0.003448],
           [53.6, 0.003295],
           [53.8, 0.0035110000000000002],
           [53.9, 0.003526],
           [54.1, 0.0034720000000000003],
           [54.3, 0.003477],
           [54.5, 0.0034100000000000003],
           [54.6, 0.0034449999999999997],
           [54.8, 0.003458],
           [55.0, 0.00375],
           [55.1, 0.003507],
           [55.2, 0.003716],
           [55.5, 0.00375],
           [55.6, 0.0037890000000000003],
           [55.8, 0.003895],
           [55.9, 0.003798],
           [56.1, 0.00377],
           [56.3, 0.004118],
           [56.4, 0.00361],
           [56.6, 0.00395],
           [56.7, 0.003707],
           [56.9, 0.004375],
           [57.1, 0.004452],
           [57.2, 0.004923],
           [57.4, 0.004982],
           [57.6, 0.0051340000000000005],
           [57.8, 0.005001],
           [57.9, 0.004575999999999999],
           [58.1, 0.004507],
           [58.2, 0.004119],
           [58.4, 0.0039700000000000004],
           [58.6, 0.004212],
           [58.8, 0.0044340000000000004],
           [58.9, 0.0040620000000000005],
           [59.1, 0.003881],
           [59.3, 0.004181],
           [59.4, 0.004125],
           [59.6, 0.004497],
           [59.8, 0.004541000000000001],
           [60.0, 0.0070750000000000006]]},
 {name: 'Guar-0.15', 
 color: 'rgba(182,182,182,.5)',
  data: [[15.3, 0.01847],
           [15.2, 0.01726],
           [15.2, 0.01774],
           [15.3, 0.01813],
           [15.4, 0.0184],
           [15.5, 0.0179],
           [15.7, 0.01775],
           [15.8, 0.01704],
           [15.9, 0.01751],
           [16.1, 0.01699],
           [16.3, 0.01723],
           [16.5, 0.01697],
           [16.6, 0.01714],
           [16.8, 0.01587],
           [17.0, 0.01487],
           [17.2, 0.0149],
           [17.3, 0.01498],
           [17.5, 0.01554],
           [17.7, 0.01442],
           [17.9, 0.01432],
           [18.0, 0.0143],
           [18.2, 0.01473],
           [18.4, 0.01402],
           [18.6, 0.0141],
           [18.7, 0.01411],
           [18.9, 0.01367],
           [19.1, 0.01421],
           [19.2, 0.01496],
           [19.4, 0.01489],
           [19.6, 0.01489],
           [19.8, 0.01516],
           [20.0, 0.01449],
           [20.2, 0.01436],
           [20.4, 0.0137],
           [20.5, 0.01375],
           [20.7, 0.01326],
           [20.9, 0.0134],
           [21.0, 0.01317],
           [21.2, 0.01321],
           [21.4, 0.01312],
           [21.6, 0.01307],
           [21.7, 0.01323],
           [21.9, 0.01318],
           [22.1, 0.01298],
           [22.3, 0.01292],
           [22.4, 0.01313],
           [22.6, 0.01318],
           [22.8, 0.01312],
           [22.9, 0.01332],
           [23.2, 0.01347],
           [23.3, 0.01369],
           [23.5, 0.01309],
           [23.6, 0.01374],
           [23.8, 0.01359],
           [24.0, 0.01351],
           [24.1, 0.01303],
           [24.3, 0.01318],
           [24.5, 0.0132],
           [24.7, 0.01293],
           [24.9, 0.01297],
           [25.0, 0.01289],
           [25.1, 0.0129],
           [25.4, 0.01273],
           [25.5, 0.01255],
           [25.7, 0.01231],
           [25.8, 0.01215],
           [26.0, 0.01231],
           [26.2, 0.01216],
           [26.4, 0.01226],
           [26.5, 0.01245],
           [26.7, 0.01252],
           [26.8, 0.01257],
           [27.0, 0.0128],
           [27.2, 0.01311],
           [27.4, 0.01332],
           [27.5, 0.01318],
           [27.7, 0.01257],
           [27.8, 0.01261],
           [28.0, 0.01258],
           [28.3, 0.01266],
           [28.4, 0.01285],
           [28.6, 0.01295],
           [28.7, 0.01276],
           [28.9, 0.01243],
           [29.1, 0.01242],
           [29.2, 0.01231],
           [29.4, 0.01192],
           [29.5, 0.01203],
           [29.7, 0.01212],
           [29.9, 0.01184],
           [30.1, 0.01192],
           [30.2, 0.01209],
           [30.4, 0.01259],
           [30.5, 0.01256],
           [30.7, 0.01273],
           [30.9, 0.01295],
           [31.0, 0.01293],
           [31.2, 0.01287],
           [31.4, 0.01262],
           [31.5, 0.01272],
           [31.7, 0.01247],
           [31.9, 0.01233],
           [32.1, 0.01259],
           [32.2, 0.01227],
           [32.4, 0.0125],
           [32.5, 0.01219],
           [32.7, 0.01215],
           [32.9, 0.01193],
           [33.1, 0.01178],
           [33.3, 0.01185],
           [33.4, 0.01166],
           [33.6, 0.01177],
           [33.8, 0.01187],
           [33.9, 0.01214],
           [34.1, 0.01244],
           [34.2, 0.01239],
           [34.4, 0.01278],
           [34.6, 0.01266],
           [34.8, 0.0126],
           [34.9, 0.01202],
           [35.1, 0.01225],
           [35.2, 0.01203],
           [35.4, 0.01254],
           [35.6, 0.01251],
           [35.7, 0.01277],
           [35.9, 0.01241],
           [36.0, 0.01259],
           [36.2, 0.01238],
           [36.4, 0.01191],
           [36.6, 0.01196],
           [36.7, 0.01216],
           [36.9, 0.01225],
           [37.1, 0.01235],
           [37.3, 0.01206],
           [37.5, 0.01216],
           [37.6, 0.01187],
           [37.8, 0.0118],
           [37.9, 0.01179],
           [38.1, 0.0116],
           [38.2, 0.0118],
           [38.4, 0.01201],
           [38.6, 0.01266],
           [38.8, 0.013],
           [38.9, 0.013],
           [39.1, 0.01357],
           [39.3, 0.01361],
           [39.4, 0.01367],
           [39.5, 0.01369],
           [39.7, 0.01279],
           [39.9, 0.01289],
           [40.1, 0.01287],
           [40.3, 0.01318],
           [40.5, 0.01349],
           [40.6, 0.01396],
           [40.8, 0.01375],
           [40.9, 0.01345],
           [41.1, 0.01288],
           [41.2, 0.01253],
           [41.4, 0.01222],
           [41.6, 0.01247],
           [41.7, 0.01296],
           [41.9, 0.01243],
           [42.1, 0.01245],
           [42.2, 0.01245],
           [42.4, 0.01241],
           [42.6, 0.01189],
           [42.7, 0.01183],
           [42.9, 0.01157],
           [43.1, 0.01202],
           [43.3, 0.01216],
           [43.4, 0.01213],
           [43.6, 0.01197],
           [43.8, 0.01247],
           [43.9, 0.01306],
           [44.1, 0.01312],
           [44.2, 0.01351],
           [44.4, 0.01306],
           [44.6, 0.01422],
           [44.8, 0.01482],
           [44.9, 0.01558],
           [45.1, 0.01469],
           [45.3, 0.01596],
           [45.4, 0.0163],
           [45.6, 0.0161],
           [45.8, 0.01451],
           [45.9, 0.0132],
           [46.1, 0.01407],
           [46.2, 0.01453],
           [46.5, 0.01522],
           [46.6, 0.01456],
           [46.8, 0.01501],
           [47.0, 0.01454],
           [47.1, 0.01352],
           [47.2, 0.01263],
           [47.4, 0.01286],
           [47.6, 0.01327],
           [47.8, 0.01382],
           [47.9, 0.01405],
           [48.1, 0.01381],
           [48.3, 0.01394],
           [48.4, 0.01398],
           [48.6, 0.01391],
           [48.7, 0.01351],
           [49.0, 0.01365],
           [49.1, 0.01393],
           [49.3, 0.0143],
           [49.5, 0.01444],
           [49.6, 0.01475],
           [49.7, 0.01502],
           [49.9, 0.01561],
           [50.1, 0.01652],
           [50.3, 0.01669],
           [50.4, 0.01717],
           [50.6, 0.01784],
           [50.8, 0.02121],
           [51.0, 0.02108],
           [51.1, 0.01975],
           [51.3, 0.0201],
           [51.4, 0.0189],
           [51.6, 0.018],
           [51.7, 0.01518],
           [51.9, 0.01433],
           [52.1, 0.0138],
           [52.2, 0.01385],
           [52.4, 0.01427],
           [52.6, 0.01434],
           [52.7, 0.01452],
           [52.9, 0.01405],
           [53.1, 0.014],
           [53.2, 0.01413],
           [53.4, 0.01408],
           [53.6, 0.01447],
           [53.8, 0.01479],
           [54.0, 0.01526],
           [54.2, 0.0148],
           [54.3, 0.01444],
           [54.5, 0.01412],
           [54.6, 0.01416],
           [54.8, 0.01433],
           [55.0, 0.01431],
           [55.1, 0.01474],
           [55.3, 0.01508],
           [55.5, 0.01586],
           [55.6, 0.01797],
           [55.8, 0.01784],
           [55.9, 0.01722],
           [56.1, 0.01622],
           [56.3, 0.01639],
           [56.4, 0.01558],
           [56.6, 0.01455],
           [56.8, 0.01503],
           [56.9, 0.01582],
           [57.1, 0.01525],
           [57.3, 0.01519],
           [57.4, 0.01453],
           [57.6, 0.01413],
           [57.8, 0.01349],
           [57.9, 0.01336],
           [58.1, 0.01284],
           [58.3, 0.01284],
           [58.4, 0.01383],
           [58.6, 0.01444],
           [58.8, 0.01448],
           [58.9, 0.01372],
           [59.1, 0.01365],
           [59.3, 0.01306],
           [59.4, 0.01286],
           [59.6, 0.01348],
           [59.7, 0.01349],
           [59.9, 0.0135]]},
 {name: 'Guar-0.25'},
 color: 'rgba(223,246,194,.5)',
  data: [[15.1, 0.03175],
           [15.0, 0.03053],
           [15.1, 0.03026],
           [15.2, 0.02965],
           [15.3, 0.02926],
           [15.5, 0.02942],
           [15.6, 0.02919],
           [15.8, 0.0291],
           [15.9, 0.02866],
           [16.1, 0.02854],
           [16.2, 0.02811],
           [16.5, 0.02839],
           [16.6, 0.02822],
           [16.8, 0.02722],
           [16.9, 0.02723],
           [17.1, 0.02753],
           [17.3, 0.02742],
           [17.5, 0.02734],
           [17.7, 0.02649],
           [17.9, 0.02604],
           [18.1, 0.02647],
           [18.2, 0.02581],
           [18.4, 0.02618],
           [18.6, 0.02595],
           [18.8, 0.02619],
           [19.0, 0.02571],
           [19.2, 0.02556],
           [19.3, 0.02521],
           [19.5, 0.02549],
           [19.7, 0.02494],
           [19.9, 0.02519],
           [20.0, 0.02486],
           [20.2, 0.02474],
           [20.4, 0.0246],
           [20.6, 0.02454],
           [20.8, 0.02451],
           [20.9, 0.02437],
           [21.1, 0.02445],
           [21.3, 0.02426],
           [21.4, 0.02418],
           [21.6, 0.02404],
           [21.8, 0.02403],
           [22.0, 0.02393],
           [22.1, 0.02375],
           [22.3, 0.02373],
           [22.5, 0.02361],
           [22.6, 0.02359],
           [22.8, 0.02352],
           [23.0, 0.0234],
           [23.1, 0.02335],
           [23.3, 0.02316],
           [23.5, 0.02314],
           [23.7, 0.02307],
           [23.9, 0.02299],
           [24.0, 0.02287],
           [24.2, 0.02293],
           [24.4, 0.02282],
           [24.5, 0.02266],
           [24.7, 0.02263],
           [24.8, 0.02254],
           [25.0, 0.02246],
           [25.2, 0.02248],
           [25.4, 0.02241],
           [25.5, 0.02228],
           [25.7, 0.02219],
           [25.9, 0.02216],
           [26.0, 0.0221],
           [26.2, 0.02199],
           [26.4, 0.02207],
           [26.5, 0.02197],
           [26.7, 0.02182],
           [26.8, 0.02174],
           [27.1, 0.02167],
           [27.3, 0.02168],
           [27.4, 0.02153],
           [27.6, 0.02163],
           [27.7, 0.02146],
           [27.9, 0.02139],
           [28.1, 0.02135],
           [28.2, 0.02123],
           [28.4, 0.02121],
           [28.5, 0.0212],
           [28.7, 0.0212],
           [28.9, 0.02099],
           [29.1, 0.021],
           [29.2, 0.02094],
           [29.4, 0.02085],
           [29.6, 0.02081],
           [29.8, 0.02079],
           [29.9, 0.02078],
           [30.0, 0.02066],
           [30.2, 0.02063],
           [30.4, 0.02059],
           [30.5, 0.02048],
           [30.7, 0.02044],
           [30.9, 0.02046],
           [31.1, 0.02037],
           [31.2, 0.02027],
           [31.4, 0.02029],
           [31.6, 0.02018],
           [31.8, 0.02016],
           [31.9, 0.02009],
           [32.1, 0.02009],
           [32.2, 0.02004],
           [32.4, 0.01999],
           [32.6, 0.01992],
           [32.7, 0.01986],
           [32.9, 0.01983],
           [33.1, 0.01981],
           [33.2, 0.01977],
           [33.4, 0.01976],
           [33.5, 0.01971],
           [33.8, 0.01966],
           [33.9, 0.01954],
           [34.1, 0.01943],
           [34.3, 0.01945],
           [34.4, 0.01939],
           [34.6, 0.01941],
           [34.8, 0.01936],
           [34.9, 0.01928],
           [35.1, 0.01926],
           [35.2, 0.01919],
           [35.4, 0.01915],
           [35.6, 0.01911],
           [35.7, 0.01914],
           [35.9, 0.01913],
           [36.0, 0.01902],
           [36.3, 0.01895],
           [36.4, 0.01887],
           [36.6, 0.01884],
           [36.8, 0.0188],
           [36.9, 0.01884],
           [37.1, 0.01883],
           [37.3, 0.01875],
           [37.4, 0.0187],
           [37.6, 0.01866],
           [37.7, 0.01863],
           [37.9, 0.01864],
           [38.1, 0.01863],
           [38.2, 0.01866],
           [38.4, 0.01854],
           [38.6, 0.01849],
           [38.7, 0.01843],
           [38.9, 0.01838],
           [39.1, 0.01839],
           [39.2, 0.0184],
           [39.4, 0.0185],
           [39.6, 0.01833],
           [39.7, 0.01828],
           [39.9, 0.01823],
           [40.1, 0.0182],
           [40.2, 0.01819],
           [40.4, 0.01817],
           [40.6, 0.01817],
           [40.8, 0.01815],
           [40.9, 0.01809],
           [41.1, 0.018],
           [41.3, 0.018],
           [41.5, 0.01803],
           [41.6, 0.01803],
           [41.8, 0.01801],
           [41.9, 0.01802],
           [42.1, 0.01797],
           [42.3, 0.01791],
           [42.4, 0.01786],
           [42.6, 0.01789],
           [42.7, 0.0179],
           [42.9, 0.01794],
           [43.1, 0.01795],
           [43.3, 0.01789],
           [43.4, 0.01783],
           [43.6, 0.01785],
           [43.8, 0.01788],
           [43.9, 0.01791],
           [44.1, 0.01799],
           [44.2, 0.01792],
           [44.4, 0.01787],
           [44.6, 0.01785],
           [44.7, 0.01784],
           [44.9, 0.01793],
           [45.1, 0.01796],
           [45.3, 0.01799],
           [45.4, 0.01795],
           [45.6, 0.01787],
           [45.8, 0.01785],
           [46.0, 0.0179],
           [46.1, 0.01804],
           [46.3, 0.01805],
           [46.5, 0.01807],
           [46.6, 0.01805],
           [46.8, 0.01791],
           [47.0, 0.01792],
           [47.1, 0.01794],
           [47.3, 0.01802],
           [47.4, 0.01811],
           [47.6, 0.01815],
           [47.8, 0.0181],
           [47.9, 0.01808],
           [48.1, 0.01806],
           [48.3, 0.01802],
           [48.4, 0.01816],
           [48.6, 0.01822],
           [48.7, 0.01825],
           [48.9, 0.01807],
           [49.1, 0.01808],
           [49.2, 0.01797],
           [49.4, 0.0179],
           [49.6, 0.01801],
           [49.8, 0.01811],
           [49.9, 0.01813],
           [50.1, 0.01816],
           [50.3, 0.01809],
           [50.4, 0.01796],
           [50.6, 0.01788],
           [50.7, 0.01806],
           [50.9, 0.01816],
           [51.1, 0.01816],
           [51.3, 0.01823],
           [51.4, 0.0182],
           [51.6, 0.01812],
           [51.8, 0.01805],
           [51.9, 0.01812],
           [52.1, 0.01825],
           [52.3, 0.01832],
           [52.4, 0.01826],
           [52.6, 0.01824],
           [52.8, 0.01823],
           [53.0, 0.01817],
           [53.1, 0.01822],
           [53.3, 0.01845],
           [53.4, 0.01846],
           [53.6, 0.01825],
           [53.8, 0.01828],
           [53.9, 0.01817],
           [54.1, 0.01811],
           [54.3, 0.01816],
           [54.4, 0.01847],
           [54.6, 0.01857],
           [54.7, 0.0185],
           [55.0, 0.01839],
           [55.1, 0.01837],
           [55.3, 0.01833],
           [55.4, 0.01811],
           [55.6, 0.01829],
           [55.8, 0.01857],
           [56.0, 0.01847],
           [56.1, 0.01819],
           [56.2, 0.01831],
           [56.4, 0.01811],
           [56.6, 0.01779],
           [56.8, 0.01828],
           [57.0, 0.01839],
           [57.1, 0.01823],
           [57.3, 0.01814],
           [57.5, 0.0183],
           [57.6, 0.01814],
           [57.8, 0.0179],
           [57.9, 0.01836],
           [58.1, 0.0188],
           [58.3, 0.01869],
           [58.5, 0.01845],
           [58.6, 0.01838],
           [58.8, 0.01822],
           [58.9, 0.01769],
           [59.1, 0.01804],
           [59.3, 0.01832],
           [59.5, 0.01846],
           [59.6, 0.01821],
           [59.7, 0.01812],
           [60.0, 0.01774]],
 {name: 'Guar-0.35',
 color: 'rgba(172,239,209,.5)',
  data: [[15.5, 0.05426],
           [15.2, 0.05439],
           [15.1, 0.05443],
           [15.1, 0.05392],
           [15.2, 0.0537],
           [15.3, 0.05319],
           [15.4, 0.05193],
           [15.6, 0.05124],
           [15.7, 0.05033],
           [15.9, 0.04995],
           [16.0, 0.04943],
           [16.2, 0.04938],
           [16.4, 0.04938],
           [16.6, 0.04927],
           [16.7, 0.04901],
           [17.0, 0.0489],
           [17.2, 0.04891],
           [17.4, 0.04886],
           [17.6, 0.04878],
           [17.8, 0.04866],
           [18.0, 0.0482],
           [18.2, 0.04791],
           [18.4, 0.0477],
           [18.6, 0.04747],
           [18.8, 0.04737],
           [19.0, 0.04753],
           [19.2, 0.04737],
           [19.4, 0.04713],
           [19.5, 0.04691],
           [19.7, 0.04659],
           [19.9, 0.04644],
           [20.1, 0.04647],
           [20.3, 0.04658],
           [20.4, 0.04644],
           [20.6, 0.0463],
           [20.8, 0.04602],
           [20.9, 0.04574],
           [21.1, 0.04559],
           [21.3, 0.04558],
           [21.5, 0.04567],
           [21.6, 0.04559],
           [21.8, 0.04552],
           [21.9, 0.04528],
           [22.2, 0.04499],
           [22.4, 0.0447],
           [22.5, 0.04469],
           [22.7, 0.04479],
           [22.8, 0.04478],
           [23.0, 0.0447],
           [23.2, 0.04452],
           [23.4, 0.04423],
           [23.6, 0.04402],
           [23.7, 0.04394],
           [23.9, 0.04403],
           [24.0, 0.044],
           [24.2, 0.04402],
           [24.4, 0.0439],
           [24.5, 0.04361],
           [24.7, 0.04343],
           [24.9, 0.04327],
           [25.1, 0.04329],
           [25.3, 0.04333],
           [25.4, 0.04333],
           [25.6, 0.04319],
           [25.7, 0.04298],
           [25.9, 0.04269],
           [26.1, 0.04261],
           [26.2, 0.04263],
           [26.4, 0.04273],
           [26.6, 0.04264],
           [26.7, 0.04257],
           [26.9, 0.04245],
           [27.0, 0.04214],
           [27.2, 0.04198],
           [27.4, 0.042],
           [27.5, 0.0421],
           [27.7, 0.04201],
           [27.9, 0.04203],
           [28.1, 0.04172],
           [28.2, 0.04157],
           [28.4, 0.04142],
           [28.6, 0.04141],
           [28.7, 0.04152],
           [28.8, 0.04146],
           [29.1, 0.04134],
           [29.2, 0.04126],
           [29.4, 0.0411],
           [29.6, 0.04089],
           [29.7, 0.04086],
           [29.9, 0.04097],
           [30.1, 0.04089],
           [30.2, 0.04089],
           [30.4, 0.04077],
           [30.5, 0.04055],
           [30.7, 0.04048],
           [30.9, 0.04039],
           [31.1, 0.0404],
           [31.2, 0.04041],
           [31.4, 0.04036],
           [31.6, 0.04025],
           [31.8, 0.04008],
           [31.9, 0.03995],
           [32.1, 0.03989],
           [32.2, 0.03985],
           [32.4, 0.03986],
           [32.6, 0.03987],
           [32.7, 0.03974],
           [33.0, 0.03962],
           [33.1, 0.03947],
           [33.3, 0.0395],
           [33.4, 0.03941],
           [33.6, 0.03947],
           [33.8, 0.03941],
           [33.9, 0.03937],
           [34.1, 0.03919],
           [34.3, 0.03905],
           [34.4, 0.03897],
           [34.6, 0.03892],
           [34.7, 0.03894],
           [34.9, 0.03886],
           [35.1, 0.03892],
           [35.2, 0.03876],
           [35.4, 0.03864],
           [35.6, 0.03853],
           [35.8, 0.03848],
           [35.9, 0.03852],
           [36.1, 0.03847],
           [36.3, 0.03842],
           [36.4, 0.03831],
           [36.6, 0.03817],
           [36.8, 0.03811],
           [37.0, 0.03803],
           [37.1, 0.03812],
           [37.3, 0.03807],
           [37.4, 0.03805],
           [37.6, 0.03788],
           [37.8, 0.0378],
           [37.9, 0.03774],
           [38.1, 0.0377],
           [38.2, 0.03772],
           [38.4, 0.03771],
           [38.6, 0.03767],
           [38.8, 0.03757],
           [38.9, 0.03743],
           [39.0, 0.03737],
           [39.3, 0.03732],
           [39.4, 0.03729],
           [39.6, 0.03727],
           [39.7, 0.0373],
           [39.9, 0.03719],
           [40.1, 0.03711],
           [40.3, 0.03706],
           [40.4, 0.03698],
           [40.6, 0.03696],
           [40.8, 0.03698],
           [40.9, 0.03694],
           [41.1, 0.03688],
           [41.3, 0.03678],
           [41.4, 0.03674],
           [41.6, 0.03665],
           [41.8, 0.03662],
           [42.0, 0.03666],
           [42.1, 0.03669],
           [42.2, 0.0366],
           [42.4, 0.03654],
           [42.6, 0.0365],
           [42.8, 0.03645],
           [42.9, 0.03641],
           [43.1, 0.03643],
           [43.3, 0.03641],
           [43.4, 0.03641],
           [43.6, 0.03641],
           [43.8, 0.03635],
           [43.9, 0.03629],
           [44.1, 0.03624],
           [44.2, 0.0363],
           [44.4, 0.03628],
           [44.6, 0.03625],
           [44.8, 0.03619],
           [44.9, 0.03624],
           [45.1, 0.03622],
           [45.2, 0.03619],
           [45.4, 0.03621],
           [45.6, 0.03626],
           [45.7, 0.03627],
           [45.9, 0.03628],
           [46.1, 0.03622],
           [46.3, 0.03619],
           [46.4, 0.03615],
           [46.6, 0.03617],
           [46.8, 0.03622],
           [47.0, 0.03631],
           [47.1, 0.03628],
           [47.3, 0.03629],
           [47.4, 0.03627],
           [47.6, 0.03626],
           [47.8, 0.0362],
           [47.9, 0.03631],
           [48.1, 0.03632],
           [48.3, 0.03628],
           [48.5, 0.03627],
           [48.6, 0.03627],
           [48.7, 0.03624],
           [49.0, 0.0362],
           [49.1, 0.03641],
           [49.2, 0.03639],
           [49.4, 0.03627],
           [49.6, 0.03633],
           [49.8, 0.03626],
           [49.9, 0.03632],
           [50.1, 0.03627],
           [50.3, 0.03627],
           [50.5, 0.03627],
           [50.6, 0.03631],
           [50.8, 0.03637],
           [51.0, 0.03631],
           [51.1, 0.03635],
           [51.2, 0.03639],
           [51.4, 0.03646],
           [51.6, 0.03646],
           [51.8, 0.03643],
           [51.9, 0.03633],
           [52.1, 0.03635],
           [52.3, 0.03644],
           [52.4, 0.03654],
           [52.6, 0.03653],
           [52.8, 0.03649],
           [52.9, 0.03645],
           [53.1, 0.03652],
           [53.3, 0.03646],
           [53.4, 0.03659],
           [53.6, 0.03661],
           [53.8, 0.03668],
           [54.0, 0.03659],
           [54.1, 0.03661],
           [54.3, 0.0366],
           [54.4, 0.03663],
           [54.6, 0.03695],
           [54.8, 0.03695],
           [54.9, 0.03693],
           [55.1, 0.03727],
           [55.3, 0.03827],
           [55.5, 0.0368],
           [55.6, 0.03711],
           [55.7, 0.03639],
           [55.9, 0.0358],
           [56.1, 0.03566],
           [56.3, 0.0356],
           [56.5, 0.03546],
           [56.6, 0.03562],
           [56.7, 0.03592],
           [56.9, 0.03572],
           [57.1, 0.03556],
           [57.3, 0.03536],
           [57.4, 0.03544],
           [57.6, 0.03553],
           [57.8, 0.03574],
           [57.9, 0.03537],
           [58.1, 0.03572],
           [58.3, 0.03527],
           [58.4, 0.03481],
           [58.6, 0.03458],
           [58.8, 0.03457],
           [58.9, 0.03515],
           [59.1, 0.03564],
           [59.3, 0.03582],
           [59.4, 0.03682],
           [59.6, 0.03731],
           [59.8, 0.03599],
           [59.9, 0.03648]]},
 {name: 'Guar-0.45',
 color: 'rgba(165,255,176,.5)',
  data: [[15.0, 0.1351],
           [15.0, 0.1344],
           [15.0, 0.1332],
           [15.2, 0.1323],
           [15.3, 0.1323],
           [15.5, 0.131],
           [15.6, 0.1305],
           [15.8, 0.1296],
           [15.9, 0.1294],
           [16.1, 0.1288],
           [16.3, 0.1282],
           [16.4, 0.1281],
           [16.6, 0.1281],
           [16.8, 0.1279],
           [17.0, 0.1274],
           [17.2, 0.1271],
           [17.3, 0.1266],
           [17.5, 0.126],
           [17.7, 0.1256],
           [17.9, 0.1259],
           [18.1, 0.1252],
           [18.3, 0.125],
           [18.5, 0.1248],
           [18.7, 0.1247],
           [18.8, 0.1241],
           [19.0, 0.1239],
           [19.2, 0.124],
           [19.4, 0.1234],
           [19.5, 0.1229],
           [19.7, 0.1228],
           [19.8, 0.1227],
           [20.1, 0.122],
           [20.2, 0.1221],
           [20.4, 0.1222],
           [20.6, 0.1218],
           [20.8, 0.1212],
           [20.9, 0.1211],
           [21.1, 0.121],
           [21.3, 0.1206],
           [21.5, 0.1206],
           [21.6, 0.1206],
           [21.8, 0.12],
           [22.0, 0.1197],
           [22.1, 0.1195],
           [22.3, 0.1197],
           [22.5, 0.1193],
           [22.6, 0.1192],
           [22.8, 0.1194],
           [23.0, 0.119],
           [23.2, 0.1185],
           [23.3, 0.1183],
           [23.5, 0.1184],
           [23.7, 0.1179],
           [23.8, 0.1178],
           [24.0, 0.118],
           [24.2, 0.1177],
           [24.3, 0.1172],
           [24.5, 0.117],
           [24.7, 0.1171],
           [24.9, 0.1167],
           [25.0, 0.1166],
           [25.2, 0.1169],
           [25.3, 0.1169],
           [25.5, 0.1162],
           [25.7, 0.1161],
           [25.9, 0.1163],
           [26.0, 0.1161],
           [26.2, 0.1159],
           [26.4, 0.116],
           [26.5, 0.1159],
           [26.7, 0.1155],
           [26.9, 0.115],
           [27.1, 0.1151],
           [27.2, 0.1147],
           [27.4, 0.1145],
           [27.6, 0.1148],
           [27.7, 0.115],
           [27.9, 0.1147],
           [28.1, 0.1143],
           [28.2, 0.1143],
           [28.4, 0.1139],
           [28.6, 0.1137],
           [28.7, 0.114],
           [28.9, 0.1142],
           [29.1, 0.1139],
           [29.2, 0.1135],
           [29.4, 0.1136],
           [29.6, 0.1134],
           [29.7, 0.1132],
           [29.9, 0.1134],
           [30.0, 0.1136],
           [30.2, 0.1135],
           [30.4, 0.1132],
           [30.6, 0.113],
           [30.7, 0.1129],
           [30.9, 0.1126],
           [31.0, 0.1127],
           [31.2, 0.113],
           [31.4, 0.1131],
           [31.6, 0.1127],
           [31.7, 0.1125],
           [31.9, 0.1123],
           [32.1, 0.1121],
           [32.2, 0.1122],
           [32.4, 0.1126],
           [32.5, 0.1127],
           [32.7, 0.1125],
           [32.9, 0.1121],
           [33.1, 0.112],
           [33.2, 0.1117],
           [33.4, 0.1118],
           [33.6, 0.1122],
           [33.8, 0.1125],
           [33.9, 0.1123],
           [34.1, 0.1119],
           [34.3, 0.1117],
           [34.4, 0.1115],
           [34.6, 0.1115],
           [34.7, 0.1121],
           [34.9, 0.1123],
           [35.1, 0.112],
           [35.2, 0.1117],
           [35.4, 0.1112],
           [35.6, 0.111],
           [35.7, 0.1111],
           [35.9, 0.1115],
           [36.1, 0.1118],
           [36.3, 0.1118],
           [36.4, 0.1116],
           [36.6, 0.1112],
           [36.7, 0.1111],
           [36.9, 0.111],
           [37.1, 0.1114],
           [37.2, 0.1117],
           [37.4, 0.1118],
           [37.6, 0.1115],
           [37.7, 0.1111],
           [37.9, 0.1109],
           [38.1, 0.1109],
           [38.2, 0.1114],
           [38.4, 0.1117],
           [38.6, 0.1115],
           [38.7, 0.1113],
           [38.9, 0.111],
           [39.1, 0.1108],
           [39.3, 0.1108],
           [39.4, 0.1111],
           [39.5, 0.1117],
           [39.7, 0.1116],
           [39.9, 0.1113],
           [40.1, 0.1107],
           [40.2, 0.1104],
           [40.5, 0.1105],
           [40.6, 0.1107],
           [40.8, 0.1116],
           [41.0, 0.1115],
           [41.1, 0.111],
           [41.3, 0.1106],
           [41.4, 0.1103],
           [41.6, 0.1102],
           [41.7, 0.1105],
           [41.9, 0.1116],
           [42.1, 0.1115],
           [42.2, 0.1109],
           [42.4, 0.1105],
           [42.6, 0.1102],
           [42.7, 0.1101],
           [42.9, 0.1106],
           [43.1, 0.1114],
           [43.3, 0.1116],
           [43.4, 0.1113],
           [43.6, 0.1105],
           [43.8, 0.1102],
           [43.9, 0.1098],
           [44.0, 0.11],
           [44.2, 0.1109],
           [44.4, 0.1115],
           [44.6, 0.1113],
           [44.8, 0.1103],
           [44.9, 0.11],
           [45.1, 0.1099],
           [45.3, 0.1099],
           [45.4, 0.1112],
           [45.6, 0.1116],
           [45.8, 0.111],
           [45.9, 0.1104],
           [46.1, 0.1096],
           [46.3, 0.1094],
           [46.4, 0.1094],
           [46.6, 0.1103],
           [46.7, 0.1112],
           [46.9, 0.1111],
           [47.1, 0.1099],
           [47.3, 0.1094],
           [47.4, 0.1092],
           [47.6, 0.1093],
           [47.8, 0.11],
           [48.0, 0.1111],
           [48.1, 0.1111],
           [48.3, 0.1099],
           [48.5, 0.1094],
           [48.6, 0.1091],
           [48.7, 0.1089],
           [48.9, 0.1101],
           [49.1, 0.111],
           [49.3, 0.1109],
           [49.4, 0.1103],
           [49.6, 0.1098],
           [49.8, 0.1098],
           [49.9, 0.1093],
           [50.1, 0.11],
           [50.2, 0.1115],
           [50.4, 0.1122],
           [50.6, 0.1116],
           [50.8, 0.1108],
           [50.9, 0.1102],
           [51.1, 0.1102],
           [51.3, 0.1104],
           [51.4, 0.1139],
           [51.6, 0.1151],
           [51.7, 0.1122],
           [51.9, 0.1122],
           [52.1, 0.1094],
           [52.3, 0.1086],
           [52.5, 0.109],
           [52.6, 0.1079],
           [52.8, 0.108],
           [52.9, 0.1081],
           [53.1, 0.1084],
           [53.3, 0.1101],
           [53.4, 0.1084],
           [53.6, 0.1095],
           [53.8, 0.11],
           [53.9, 0.1105],
           [54.1, 0.1079],
           [54.3, 0.1094],
           [54.4, 0.1069],
           [54.6, 0.1072],
           [54.8, 0.1076],
           [55.0, 0.1094],
           [55.1, 0.1092],
           [55.3, 0.1109],
           [55.4, 0.1066],
           [55.6, 0.1063],
           [55.8, 0.1094],
           [56.0, 0.1141],
           [56.1, 0.1106],
           [56.3, 0.1091],
           [56.5, 0.1086],
           [56.6, 0.1067],
           [56.8, 0.1048],
           [57.0, 0.1042],
           [57.1, 0.1044],
           [57.3, 0.1044],
           [57.4, 0.1027],
           [57.6, 0.1027],
           [57.8, 0.1026],
           [57.9, 0.1042],
           [58.1, 0.1056],
           [58.3, 0.1148],
           [58.4, 0.1112],
           [58.6, 0.1064],
           [58.7, 0.1065],
           [59.0, 0.1049],
           [59.1, 0.1032],
           [59.2, 0.1016],
           [59.4, 0.1017],
           [59.6, 0.1026],
           [59.8, 0.1032],
           [59.9, 0.1034]]},
 {name: 'Guar-0.55',
 color: 'rgba(175,206,223,.5)',
  data: [[15.0, 0.1849],
           [15.0, 0.1831],
           [15.1, 0.1807],
           [15.2, 0.1797],
           [15.3, 0.1791],
           [15.5, 0.1783],
           [15.7, 0.178],
           [15.9, 0.1771],
           [16.0, 0.1766],
           [16.2, 0.1759],
           [16.3, 0.1757],
           [16.5, 0.1754],
           [16.7, 0.1753],
           [16.9, 0.1749],
           [17.0, 0.1747],
           [17.2, 0.1742],
           [17.4, 0.174],
           [17.5, 0.1735],
           [17.7, 0.1736],
           [17.9, 0.1733],
           [18.1, 0.1729],
           [18.2, 0.1725],
           [18.4, 0.1719],
           [18.6, 0.1716],
           [18.8, 0.1711],
           [19.0, 0.1709],
           [19.2, 0.1709],
           [19.3, 0.1705],
           [19.5, 0.1701],
           [19.6, 0.1698],
           [19.8, 0.1694],
           [20.0, 0.1691],
           [20.2, 0.1689],
           [20.4, 0.1687],
           [20.5, 0.1683],
           [20.7, 0.1683],
           [20.9, 0.1681],
           [21.1, 0.1677],
           [21.3, 0.1675],
           [21.4, 0.1674],
           [21.6, 0.1672],
           [21.8, 0.1668],
           [22.0, 0.1664],
           [22.1, 0.166],
           [22.3, 0.1657],
           [22.4, 0.1651],
           [22.6, 0.165],
           [22.8, 0.1648],
           [23.0, 0.1647],
           [23.1, 0.1644],
           [23.3, 0.1643],
           [23.5, 0.1639],
           [23.7, 0.1635],
           [23.8, 0.1634],
           [24.0, 0.1632],
           [24.1, 0.1631],
           [24.3, 0.1628],
           [24.5, 0.1626],
           [24.7, 0.1622],
           [24.9, 0.162],
           [25.0, 0.1617],
           [25.2, 0.1618],
           [25.3, 0.1616],
           [25.5, 0.1613],
           [25.7, 0.161],
           [25.8, 0.1609],
           [26.0, 0.1604],
           [26.2, 0.1602],
           [26.4, 0.1601],
           [26.5, 0.16],
           [26.7, 0.1598],
           [26.8, 0.1596],
           [27.0, 0.1594],
           [27.2, 0.1591],
           [27.4, 0.1588],
           [27.5, 0.1588],
           [27.7, 0.1587],
           [27.9, 0.1584],
           [28.1, 0.1583],
           [28.2, 0.1579],
           [28.4, 0.1579],
           [28.5, 0.1577],
           [28.7, 0.1576],
           [28.9, 0.1576],
           [29.1, 0.1574],
           [29.3, 0.1571],
           [29.4, 0.1569],
           [29.5, 0.1567],
           [29.7, 0.1564],
           [29.9, 0.1563],
           [30.1, 0.1563],
           [30.2, 0.1562],
           [30.4, 0.1559],
           [30.5, 0.1558],
           [30.7, 0.1556],
           [30.9, 0.1554],
           [31.1, 0.1553],
           [31.2, 0.1552],
           [31.4, 0.1551],
           [31.5, 0.155],
           [31.7, 0.1548],
           [31.9, 0.1547],
           [32.1, 0.1545],
           [32.2, 0.1542],
           [32.4, 0.1543],
           [32.6, 0.1543],
           [32.7, 0.1542],
           [32.9, 0.1539],
           [33.1, 0.1537],
           [33.3, 0.1534],
           [33.4, 0.1533],
           [33.5, 0.1531],
           [33.7, 0.1531],
           [33.9, 0.153],
           [34.0, 0.1529],
           [34.2, 0.1525],
           [34.4, 0.1524],
           [34.6, 0.1522],
           [34.7, 0.152],
           [34.9, 0.1521],
           [35.1, 0.152],
           [35.2, 0.1519],
           [35.4, 0.1516],
           [35.6, 0.1514],
           [35.8, 0.151],
           [35.9, 0.1509],
           [36.1, 0.1511],
           [36.3, 0.151],
           [36.4, 0.1509],
           [36.6, 0.1508],
           [36.8, 0.1505],
           [37.0, 0.1503],
           [37.1, 0.1502],
           [37.2, 0.1503],
           [37.4, 0.1503],
           [37.6, 0.1502],
           [37.8, 0.15],
           [37.9, 0.1496],
           [38.1, 0.1494],
           [38.3, 0.1493],
           [38.4, 0.1493],
           [38.6, 0.1494],
           [38.7, 0.1494],
           [38.9, 0.1493],
           [39.1, 0.149],
           [39.2, 0.1488],
           [39.5, 0.1487],
           [39.6, 0.1487],
           [39.7, 0.1487],
           [39.9, 0.1488],
           [40.1, 0.1486],
           [40.2, 0.1482],
           [40.4, 0.148],
           [40.5, 0.1478],
           [40.7, 0.1477],
           [40.9, 0.1476],
           [41.1, 0.1478],
           [41.3, 0.1478],
           [41.4, 0.1476],
           [41.6, 0.1474],
           [41.8, 0.147],
           [41.9, 0.1469],
           [42.1, 0.1471],
           [42.2, 0.1471],
           [42.4, 0.1471],
           [42.6, 0.1469],
           [42.8, 0.1466],
           [42.9, 0.1465],
           [43.1, 0.1462],
           [43.3, 0.1462],
           [43.4, 0.1463],
           [43.6, 0.1463],
           [43.8, 0.1463],
           [44.0, 0.146],
           [44.1, 0.1459],
           [44.3, 0.1459],
           [44.4, 0.1457],
           [44.6, 0.1457],
           [44.8, 0.1456],
           [44.9, 0.1454],
           [45.1, 0.1454],
           [45.3, 0.145],
           [45.4, 0.145],
           [45.6, 0.145],
           [45.8, 0.1451],
           [45.9, 0.1451],
           [46.1, 0.1449],
           [46.3, 0.1446],
           [46.4, 0.1442],
           [46.6, 0.1442],
           [46.8, 0.1442],
           [46.9, 0.1445],
           [47.1, 0.1445],
           [47.3, 0.1445],
           [47.4, 0.1443],
           [47.6, 0.1439],
           [47.8, 0.1434],
           [47.9, 0.1433],
           [48.1, 0.1435],
           [48.3, 0.1438],
           [48.5, 0.1437],
           [48.6, 0.1434],
           [48.7, 0.143],
           [48.9, 0.1425],
           [49.1, 0.1421],
           [49.3, 0.1422],
           [49.4, 0.1423],
           [49.6, 0.1424],
           [49.8, 0.1423],
           [50.0, 0.1416],
           [50.1, 0.1414],
           [50.3, 0.1413],
           [50.4, 0.1413],
           [50.6, 0.1413],
           [50.8, 0.141],
           [51.0, 0.1405],
           [51.1, 0.1402],
           [51.2, 0.1398],
           [51.4, 0.1397],
           [51.6, 0.1398],
           [51.7, 0.1398],
           [51.9, 0.14],
           [52.1, 0.1395],
           [52.3, 0.1388],
           [52.4, 0.1387],
           [52.6, 0.1386],
           [52.7, 0.1391],
           [52.9, 0.1391],
           [53.1, 0.1388],
           [53.3, 0.1388],
           [53.5, 0.1375],
           [53.6, 0.1368],
           [53.7, 0.1366],
           [53.9, 0.1369],
           [54.1, 0.1375],
           [54.3, 0.1376],
           [54.4, 0.1371],
           [54.6, 0.1365],
           [54.7, 0.1362],
           [54.9, 0.1361],
           [55.1, 0.1363],
           [55.3, 0.1373],
           [55.4, 0.1372],
           [55.6, 0.1365],
           [55.7, 0.136],
           [55.9, 0.1357],
           [56.1, 0.1356],
           [56.3, 0.1363],
           [56.5, 0.1368],
           [56.6, 0.137],
           [56.8, 0.1376],
           [57.0, 0.1372],
           [57.1, 0.1372],
           [57.2, 0.1364],
           [57.4, 0.1367],
           [57.6, 0.1374],
           [57.8, 0.138],
           [57.9, 0.1378],
           [58.1, 0.1381],
           [58.3, 0.1381],
           [58.5, 0.1404],
           [58.6, 0.138],
           [58.8, 0.137],
           [58.9, 0.1359],
           [59.1, 0.1363],
           [59.3, 0.1364],
           [59.4, 0.1355],
           [59.6, 0.135],
           [59.8, 0.1358],
           [60.0, 0.136]]},
 {name: 'Guar-0.65',
 color: 'rgba(60,244,188,.5)',
  data: [[14.7, 0.1811],
           [14.7, 0.18],
           [14.9, 0.1787],
           [15.0, 0.1781],
           [15.2, 0.1763],
           [15.3, 0.1747],
           [15.5, 0.1725],
           [15.7, 0.1684],
           [15.9, 0.1654],
           [16.0, 0.1615],
           [16.2, 0.1595],
           [16.4, 0.1576],
           [16.6, 0.1572],
           [16.8, 0.1572],
           [16.9, 0.1575],
           [17.1, 0.1586],
           [17.4, 0.1597],
           [17.6, 0.1617],
           [17.8, 0.1626],
           [17.9, 0.1632],
           [18.1, 0.1629],
           [18.3, 0.1617],
           [18.5, 0.1604],
           [18.7, 0.1588],
           [18.8, 0.1567],
           [19.0, 0.1558],
           [19.2, 0.155],
           [19.4, 0.1551],
           [19.6, 0.1552],
           [19.7, 0.1555],
           [19.9, 0.1562],
           [20.1, 0.1569],
           [20.3, 0.1579],
           [20.4, 0.1586],
           [20.6, 0.1585],
           [20.8, 0.1578],
           [20.9, 0.1565],
           [21.1, 0.1553],
           [21.3, 0.1538],
           [21.5, 0.1532],
           [21.6, 0.1528],
           [21.8, 0.1527],
           [22.0, 0.1527],
           [22.2, 0.1528],
           [22.4, 0.153],
           [22.5, 0.1537],
           [22.7, 0.1541],
           [22.8, 0.1547],
           [23.0, 0.1549],
           [23.2, 0.1545],
           [23.3, 0.1538],
           [23.5, 0.1527],
           [23.7, 0.1521],
           [23.9, 0.1516],
           [24.0, 0.1516],
           [24.2, 0.1518],
           [24.4, 0.1518],
           [24.5, 0.1517],
           [24.7, 0.1514],
           [24.9, 0.1513],
           [25.1, 0.1512],
           [25.3, 0.1511],
           [25.4, 0.1513],
           [25.5, 0.1511],
           [25.7, 0.1508],
           [25.9, 0.1504],
           [26.1, 0.15],
           [26.2, 0.1498],
           [26.4, 0.1501],
           [26.6, 0.1503],
           [26.7, 0.1502],
           [26.9, 0.1501],
           [27.0, 0.1497],
           [27.2, 0.1492],
           [27.4, 0.149],
           [27.6, 0.1491],
           [27.7, 0.1492],
           [27.9, 0.1493],
           [28.1, 0.1492],
           [28.2, 0.1488],
           [28.4, 0.1485],
           [28.6, 0.1483],
           [28.7, 0.1485],
           [28.9, 0.1487],
           [29.1, 0.1488],
           [29.2, 0.1486],
           [29.4, 0.1482],
           [29.5, 0.1476],
           [29.8, 0.1472],
           [29.9, 0.1471],
           [30.1, 0.1471],
           [30.2, 0.1475],
           [30.4, 0.1473],
           [30.6, 0.147],
           [30.7, 0.1465],
           [30.9, 0.1462],
           [31.1, 0.1462],
           [31.2, 0.1462],
           [31.4, 0.1466],
           [31.6, 0.1466],
           [31.7, 0.1464],
           [31.9, 0.146],
           [32.0, 0.1455],
           [32.2, 0.1453],
           [32.4, 0.1453],
           [32.6, 0.1455],
           [32.8, 0.1456],
           [32.9, 0.1455],
           [33.1, 0.1452],
           [33.2, 0.1448],
           [33.4, 0.1448],
           [33.6, 0.1449],
           [33.7, 0.1449],
           [33.9, 0.1451],
           [34.1, 0.1449],
           [34.3, 0.1445],
           [34.4, 0.1443],
           [34.6, 0.144],
           [34.7, 0.1441],
           [34.9, 0.1442],
           [35.1, 0.1443],
           [35.2, 0.1443],
           [35.4, 0.144],
           [35.6, 0.1437],
           [35.8, 0.1435],
           [35.9, 0.1436],
           [36.1, 0.1436],
           [36.3, 0.1437],
           [36.5, 0.1436],
           [36.6, 0.1435],
           [36.7, 0.1431],
           [36.9, 0.1429],
           [37.1, 0.1428],
           [37.2, 0.1429],
           [37.5, 0.143],
           [37.6, 0.143],
           [37.7, 0.1427],
           [37.9, 0.1425],
           [38.1, 0.1424],
           [38.3, 0.1424],
           [38.4, 0.1425],
           [38.6, 0.1426],
           [38.7, 0.1427],
           [38.9, 0.1425],
           [39.1, 0.1422],
           [39.3, 0.1418],
           [39.5, 0.1417],
           [39.6, 0.1417],
           [39.7, 0.1419],
           [39.9, 0.1421],
           [40.1, 0.1419],
           [40.2, 0.1415],
           [40.4, 0.1412],
           [40.6, 0.1411],
           [40.8, 0.1412],
           [40.9, 0.1413],
           [41.1, 0.1415],
           [41.2, 0.1415],
           [41.4, 0.1411],
           [41.6, 0.1407],
           [41.8, 0.1405],
           [42.0, 0.1404],
           [42.1, 0.1404],
           [42.3, 0.1405],
           [42.4, 0.1405],
           [42.6, 0.1403],
           [42.8, 0.1399],
           [42.9, 0.1399],
           [43.0, 0.1399],
           [43.2, 0.14],
           [43.4, 0.1402],
           [43.6, 0.1401],
           [43.7, 0.1399],
           [43.9, 0.1395],
           [44.1, 0.1396],
           [44.3, 0.1394],
           [44.4, 0.1394],
           [44.6, 0.1397],
           [44.7, 0.1397],
           [44.9, 0.1395],
           [45.1, 0.1392],
           [45.3, 0.1389],
           [45.4, 0.139],
           [45.6, 0.1391],
           [45.8, 0.1392],
           [45.9, 0.1395],
           [46.1, 0.1393],
           [46.3, 0.1388],
           [46.4, 0.1386],
           [46.6, 0.1384],
           [46.7, 0.1385],
           [47.0, 0.1386],
           [47.1, 0.1389],
           [47.3, 0.1389],
           [47.4, 0.1385],
           [47.6, 0.1382],
           [47.8, 0.138],
           [47.9, 0.138],
           [48.1, 0.1383],
           [48.2, 0.1384],
           [48.4, 0.1384],
           [48.6, 0.1382],
           [48.8, 0.1378],
           [48.9, 0.1376],
           [49.1, 0.1376],
           [49.3, 0.1378],
           [49.5, 0.1378],
           [49.7, 0.138],
           [49.8, 0.138],
           [50.0, 0.1377],
           [50.1, 0.1374],
           [50.3, 0.1374],
           [50.4, 0.1375],
           [50.6, 0.1378],
           [50.8, 0.1379],
           [50.9, 0.1379],
           [51.1, 0.1376],
           [51.3, 0.1372],
           [51.4, 0.1372],
           [51.6, 0.1374],
           [51.8, 0.1375],
           [51.9, 0.1378],
           [52.1, 0.1379],
           [52.3, 0.1377],
           [52.4, 0.1373],
           [52.6, 0.1372],
           [52.8, 0.1373],
           [52.9, 0.1374],
           [53.1, 0.138],
           [53.3, 0.1384],
           [53.5, 0.1383],
           [53.6, 0.1379],
           [53.8, 0.1371],
           [53.9, 0.1369],
           [54.1, 0.1368],
           [54.3, 0.1369],
           [54.5, 0.1367],
           [54.6, 0.1365],
           [54.8, 0.137],
           [55.0, 0.1376],
           [55.1, 0.1383],
           [55.2, 0.1391],
           [55.4, 0.1395],
           [55.6, 0.1392],
           [55.8, 0.139],
           [56.0, 0.1388],
           [56.1, 0.1384],
           [56.2, 0.1383],
           [56.4, 0.1379],
           [56.6, 0.1365],
           [56.8, 0.1365],
           [56.9, 0.1366],
           [57.1, 0.1361],
           [57.3, 0.1364],
           [57.4, 0.1369],
           [57.6, 0.1375],
           [57.8, 0.1379],
           [57.9, 0.1377],
           [58.1, 0.1373],
           [58.3, 0.1366],
           [58.5, 0.1368],
           [58.6, 0.1371],
           [58.8, 0.1373],
           [58.9, 0.1372],
           [59.1, 0.1376],
           [59.3, 0.1375],
           [59.5, 0.1372],
           [59.6, 0.1366],
           [59.8, 0.137],
           [60.0, 0.1372]]},
 {name: 'Guar-0.75',
 color: 'rgba(242,221,108,.5)',
  data: [[15.1, 0.411],
           [15.0, 0.427],
           [15.1, 0.4236],
           [15.2, 0.4162],
           [15.3, 0.4122],
           [15.5, 0.4073],
           [15.6, 0.4046],
           [15.8, 0.4071],
           [15.9, 0.4089],
           [16.1, 0.4114],
           [16.3, 0.4132],
           [16.5, 0.4127],
           [16.6, 0.4118],
           [16.8, 0.4101],
           [16.9, 0.408],
           [17.1, 0.4076],
           [17.3, 0.4073],
           [17.5, 0.4068],
           [17.7, 0.4059],
           [17.9, 0.4057],
           [18.1, 0.4064],
           [18.3, 0.407],
           [18.5, 0.4083],
           [18.6, 0.4093],
           [18.8, 0.4096],
           [19.0, 0.4076],
           [19.2, 0.4051],
           [19.4, 0.4015],
           [19.5, 0.4009],
           [19.7, 0.4032],
           [19.9, 0.4047],
           [20.0, 0.4045],
           [20.2, 0.4036],
           [20.4, 0.4018],
           [20.6, 0.3991],
           [20.7, 0.3954],
           [20.9, 0.3952],
           [21.1, 0.3961],
           [21.2, 0.3966],
           [21.4, 0.3974],
           [21.6, 0.3967],
           [21.8, 0.3956],
           [21.9, 0.3962],
           [22.1, 0.3977],
           [22.3, 0.3993],
           [22.5, 0.3994],
           [22.6, 0.3976],
           [22.8, 0.3951],
           [23.0, 0.3939],
           [23.1, 0.3947],
           [23.3, 0.3976],
           [23.5, 0.3992],
           [23.7, 0.4005],
           [23.9, 0.3995],
           [24.0, 0.3967],
           [24.2, 0.3936],
           [24.3, 0.39],
           [24.6, 0.3908],
           [24.7, 0.3931],
           [24.8, 0.3939],
           [25.0, 0.3938],
           [25.2, 0.3929],
           [25.4, 0.3922],
           [25.5, 0.3922],
           [25.7, 0.3931],
           [25.9, 0.3945],
           [26.0, 0.3948],
           [26.2, 0.394],
           [26.3, 0.3931],
           [26.5, 0.3923],
           [26.7, 0.3923],
           [26.9, 0.3935],
           [27.0, 0.3946],
           [27.3, 0.3959],
           [27.4, 0.3948],
           [27.5, 0.3938],
           [27.7, 0.3916],
           [27.9, 0.3906],
           [28.0, 0.3915],
           [28.2, 0.3931],
           [28.4, 0.3945],
           [28.6, 0.3943],
           [28.7, 0.3932],
           [28.9, 0.3919],
           [29.0, 0.3896],
           [29.2, 0.3894],
           [29.4, 0.391],
           [29.6, 0.3923],
           [29.8, 0.3925],
           [29.9, 0.3918],
           [30.0, 0.3909],
           [30.2, 0.3908],
           [30.4, 0.3905],
           [30.5, 0.3918],
           [30.7, 0.3925],
           [30.9, 0.3922],
           [31.1, 0.3915],
           [31.2, 0.3902],
           [31.4, 0.3899],
           [31.5, 0.39],
           [31.7, 0.3906],
           [31.9, 0.3924],
           [32.1, 0.3919],
           [32.3, 0.3906],
           [32.4, 0.3899],
           [32.6, 0.3892],
           [32.8, 0.389],
           [32.9, 0.3908],
           [33.1, 0.3924],
           [33.3, 0.3933],
           [33.4, 0.3923],
           [33.6, 0.3908],
           [33.7, 0.3891],
           [33.9, 0.3885],
           [34.1, 0.3888],
           [34.3, 0.3908],
           [34.4, 0.3914],
           [34.6, 0.3909],
           [34.7, 0.3895],
           [34.9, 0.3902],
           [35.1, 0.3892],
           [35.2, 0.3905],
           [35.4, 0.3922],
           [35.6, 0.3922],
           [35.7, 0.3904],
           [35.9, 0.3901],
           [36.1, 0.3897],
           [36.2, 0.3892],
           [36.5, 0.3891],
           [36.6, 0.3908],
           [36.7, 0.3905],
           [36.9, 0.3892],
           [37.1, 0.3884],
           [37.2, 0.3881],
           [37.4, 0.3886],
           [37.6, 0.39],
           [37.8, 0.3912],
           [37.9, 0.3918],
           [38.1, 0.3917],
           [38.2, 0.3895],
           [38.4, 0.3883],
           [38.6, 0.3877],
           [38.8, 0.3873],
           [39.0, 0.3882],
           [39.1, 0.3897],
           [39.3, 0.3895],
           [39.4, 0.3886],
           [39.6, 0.3878],
           [39.8, 0.3876],
           [39.9, 0.3881],
           [40.1, 0.3896],
           [40.2, 0.3894],
           [40.4, 0.3897],
           [40.6, 0.389],
           [40.7, 0.3883],
           [40.9, 0.3881],
           [41.1, 0.3889],
           [41.3, 0.3895],
           [41.5, 0.3892],
           [41.6, 0.3883],
           [41.8, 0.3871],
           [41.9, 0.3864],
           [42.1, 0.387],
           [42.3, 0.3882],
           [42.4, 0.3904],
           [42.6, 0.3914],
           [42.8, 0.3915],
           [42.9, 0.3892],
           [43.1, 0.3873],
           [43.2, 0.3856],
           [43.4, 0.3851],
           [43.6, 0.3866],
           [43.8, 0.3883],
           [43.9, 0.3881],
           [44.1, 0.3868],
           [44.2, 0.3855],
           [44.4, 0.3841],
           [44.6, 0.3833],
           [44.7, 0.3845],
           [44.9, 0.3859],
           [45.0, 0.3871],
           [45.3, 0.3867],
           [45.4, 0.3857],
           [45.6, 0.3848],
           [45.8, 0.384],
           [45.9, 0.3848],
           [46.1, 0.3852],
           [46.3, 0.3851],
           [46.5, 0.3834],
           [46.6, 0.3829],
           [46.8, 0.3827],
           [46.9, 0.3836],
           [47.1, 0.3849],
           [47.2, 0.3861],
           [47.4, 0.3862],
           [47.6, 0.3855],
           [47.8, 0.3836],
           [48.0, 0.3825],
           [48.1, 0.3823],
           [48.2, 0.3845],
           [48.4, 0.3853],
           [48.6, 0.3838],
           [48.8, 0.3836],
           [48.9, 0.3814],
           [49.1, 0.3792],
           [49.3, 0.3777],
           [49.5, 0.3783],
           [49.6, 0.38],
           [49.8, 0.3826],
           [49.9, 0.3818],
           [50.1, 0.3813],
           [50.3, 0.3799],
           [50.5, 0.3783],
           [50.6, 0.3778],
           [50.7, 0.3804],
           [50.9, 0.3819],
           [51.1, 0.3817],
           [51.3, 0.3798],
           [51.4, 0.3771],
           [51.6, 0.3769],
           [51.7, 0.3773],
           [51.9, 0.379],
           [52.1, 0.3806],
           [52.2, 0.3809],
           [52.4, 0.3802],
           [52.6, 0.3788],
           [52.8, 0.3779],
           [52.9, 0.3788],
           [53.1, 0.3799],
           [53.2, 0.3812],
           [53.4, 0.381],
           [53.6, 0.3782],
           [53.7, 0.3763],
           [53.9, 0.3756],
           [54.1, 0.3762],
           [54.3, 0.3785],
           [54.4, 0.3794],
           [54.6, 0.3779],
           [54.8, 0.377],
           [55.0, 0.3753],
           [55.1, 0.374],
           [55.3, 0.3744],
           [55.5, 0.376],
           [55.6, 0.3765],
           [55.8, 0.3754],
           [55.9, 0.3742],
           [56.1, 0.3725],
           [56.3, 0.3713],
           [56.5, 0.3711],
           [56.6, 0.3729],
           [56.8, 0.3747],
           [56.9, 0.3748],
           [57.1, 0.3728],
           [57.3, 0.3708],
           [57.4, 0.3692],
           [57.6, 0.3701],
           [57.8, 0.3723],
           [58.0, 0.3736],
           [58.1, 0.3751],
           [58.3, 0.3741],
           [58.4, 0.3714],
           [58.6, 0.3691],
           [58.8, 0.3688],
           [58.9, 0.3712],
           [59.1, 0.3731],
           [59.3, 0.3748],
           [59.4, 0.3721],
           [59.6, 0.3713],
           [59.7, 0.3698],
           [59.9, 0.3668]]},
 {name: 'Guar-0.85',
 color: 'rgba(95,156,226,.5)',
  data: [[14.9, 0.3917],
           [14.9, 0.3948],
           [15.0, 0.3832],
           [15.1, 0.3806],
           [15.3, 0.3771],
           [15.4, 0.3772],
           [15.6, 0.3747],
           [15.8, 0.3726],
           [16.0, 0.3695],
           [16.1, 0.3683],
           [16.3, 0.3643],
           [16.4, 0.3635],
           [16.6, 0.3617],
           [16.8, 0.3603],
           [17.0, 0.3582],
           [17.2, 0.3558],
           [17.3, 0.3539],
           [17.5, 0.3521],
           [17.7, 0.3525],
           [17.9, 0.3521],
           [18.1, 0.3523],
           [18.2, 0.3512],
           [18.4, 0.3503],
           [18.6, 0.3502],
           [18.8, 0.35],
           [19.0, 0.35],
           [19.1, 0.3504],
           [19.3, 0.3494],
           [19.6, 0.3489],
           [19.7, 0.3474],
           [19.9, 0.3464],
           [20.0, 0.3458],
           [20.2, 0.3456],
           [20.4, 0.3457],
           [20.6, 0.346],
           [20.8, 0.3461],
           [20.9, 0.3453],
           [21.1, 0.3456],
           [21.3, 0.3439],
           [21.5, 0.3431],
           [21.6, 0.344],
           [21.7, 0.3436],
           [21.9, 0.3434],
           [22.1, 0.3428],
           [22.3, 0.3423],
           [22.5, 0.3425],
           [22.6, 0.3422],
           [22.8, 0.3434],
           [23.0, 0.3432],
           [23.2, 0.3424],
           [23.3, 0.342],
           [23.5, 0.3415],
           [23.6, 0.3406],
           [23.9, 0.3406],
           [24.0, 0.3405],
           [24.2, 0.341],
           [24.4, 0.3409],
           [24.5, 0.3405],
           [24.7, 0.3404],
           [24.9, 0.3398],
           [25.1, 0.3399],
           [25.2, 0.3403],
           [25.4, 0.34],
           [25.5, 0.34],
           [25.7, 0.3396],
           [25.9, 0.3394],
           [26.0, 0.3394],
           [26.2, 0.3391],
           [26.4, 0.3394],
           [26.6, 0.3391],
           [26.7, 0.3388],
           [26.8, 0.3381],
           [27.0, 0.3377],
           [27.2, 0.3376],
           [27.4, 0.3375],
           [27.5, 0.3374],
           [27.7, 0.3373],
           [27.9, 0.3371],
           [28.0, 0.337],
           [28.2, 0.337],
           [28.3, 0.3369],
           [28.6, 0.3366],
           [28.7, 0.3364],
           [28.9, 0.3363],
           [29.1, 0.3361],
           [29.2, 0.3358],
           [29.4, 0.3357],
           [29.6, 0.3357],
           [29.7, 0.3359],
           [29.9, 0.3356],
           [30.1, 0.3355],
           [30.2, 0.3351],
           [30.4, 0.3351],
           [30.6, 0.335],
           [30.7, 0.335],
           [30.9, 0.3351],
           [31.1, 0.335],
           [31.3, 0.3346],
           [31.4, 0.3344],
           [31.6, 0.3342],
           [31.7, 0.3343],
           [31.9, 0.3343],
           [32.1, 0.3341],
           [32.3, 0.3339],
           [32.4, 0.3335],
           [32.6, 0.3332],
           [32.7, 0.3328],
           [32.9, 0.3326],
           [33.1, 0.3327],
           [33.2, 0.3327],
           [33.4, 0.3327],
           [33.5, 0.3324],
           [33.7, 0.3322],
           [33.9, 0.3319],
           [34.1, 0.3317],
           [34.3, 0.3315],
           [34.4, 0.3317],
           [34.6, 0.3313],
           [34.8, 0.3311],
           [34.9, 0.3305],
           [35.1, 0.3304],
           [35.2, 0.3303],
           [35.4, 0.3305],
           [35.6, 0.3305],
           [35.7, 0.3304],
           [35.9, 0.33],
           [36.0, 0.3297],
           [36.3, 0.3292],
           [36.4, 0.3292],
           [36.6, 0.3294],
           [36.8, 0.3297],
           [36.9, 0.3296],
           [37.1, 0.3294],
           [37.2, 0.3289],
           [37.4, 0.3283],
           [37.6, 0.328],
           [37.8, 0.3281],
           [37.9, 0.3282],
           [38.1, 0.3282],
           [38.3, 0.3281],
           [38.4, 0.3274],
           [38.5, 0.3272],
           [38.7, 0.3271],
           [38.9, 0.3275],
           [39.1, 0.3279],
           [39.3, 0.328],
           [39.4, 0.3278],
           [39.6, 0.327],
           [39.7, 0.3267],
           [39.9, 0.3265],
           [40.1, 0.3268],
           [40.2, 0.3272],
           [40.4, 0.3273],
           [40.6, 0.3269],
           [40.7, 0.3265],
           [40.9, 0.326],
           [41.1, 0.3261],
           [41.2, 0.3269],
           [41.4, 0.3271],
           [41.6, 0.3269],
           [41.8, 0.3268],
           [41.9, 0.3262],
           [42.1, 0.3254],
           [42.2, 0.3251],
           [42.4, 0.3252],
           [42.6, 0.3257],
           [42.8, 0.3259],
           [43.0, 0.3261],
           [43.1, 0.3257],
           [43.3, 0.3248],
           [43.4, 0.3241],
           [43.6, 0.3244],
           [43.8, 0.3252],
           [43.9, 0.3258],
           [44.1, 0.3258],
           [44.2, 0.3256],
           [44.4, 0.3246],
           [44.6, 0.3241],
           [44.8, 0.3248],
           [44.9, 0.3253],
           [45.1, 0.3254],
           [45.3, 0.3258],
           [45.4, 0.3256],
           [45.6, 0.3246],
           [45.8, 0.3244],
           [45.9, 0.325],
           [46.1, 0.3258],
           [46.2, 0.3259],
           [46.4, 0.3261],
           [46.6, 0.3254],
           [46.7, 0.3248],
           [46.9, 0.3246],
           [47.1, 0.3248],
           [47.2, 0.3257],
           [47.4, 0.3256],
           [47.6, 0.3258],
           [47.7, 0.3255],
           [47.9, 0.325],
           [48.1, 0.3245],
           [48.3, 0.3245],
           [48.5, 0.3249],
           [48.6, 0.3254],
           [48.8, 0.3254],
           [48.9, 0.3254],
           [49.1, 0.3249],
           [49.3, 0.3249],
           [49.4, 0.3251],
           [49.6, 0.325],
           [49.8, 0.3258],
           [49.9, 0.3259],
           [50.1, 0.3257],
           [50.2, 0.3254],
           [50.4, 0.3251],
           [50.6, 0.3243],
           [50.8, 0.3245],
           [50.9, 0.3246],
           [51.1, 0.3248],
           [51.3, 0.3247],
           [51.4, 0.3241],
           [51.6, 0.3237],
           [51.8, 0.324],
           [51.9, 0.3244],
           [52.1, 0.3248],
           [52.3, 0.3255],
           [52.4, 0.326],
           [52.6, 0.3253],
           [52.8, 0.325],
           [52.9, 0.3244],
           [53.1, 0.3247],
           [53.3, 0.3245],
           [53.5, 0.3235],
           [53.6, 0.323],
           [53.7, 0.322],
           [53.9, 0.3217],
           [54.1, 0.3215],
           [54.3, 0.3222],
           [54.5, 0.3235],
           [54.6, 0.3238],
           [54.8, 0.324],
           [55.0, 0.323],
           [55.1, 0.3226],
           [55.3, 0.3219],
           [55.5, 0.322],
           [55.6, 0.3224],
           [55.8, 0.3227],
           [56.0, 0.3231],
           [56.1, 0.3238],
           [56.3, 0.3239],
           [56.4, 0.324],
           [56.6, 0.3229],
           [56.8, 0.3238],
           [57.0, 0.3248],
           [57.1, 0.3245],
           [57.3, 0.3245],
           [57.4, 0.3242],
           [57.6, 0.3225],
           [57.7, 0.3221],
           [57.9, 0.3227],
           [58.1, 0.324],
           [58.3, 0.3258],
           [58.4, 0.3277],
           [58.6, 0.3377],
           [58.8, 0.3355],
           [58.9, 0.3269],
           [59.1, 0.3256],
           [59.3, 0.3261],
           [59.4, 0.3267],
           [59.6, 0.3268],
           [59.8, 0.3262],
           [60.0, 0.3256]]},
 {name: 'Guar-0.95',
 color: 'rgba(10,117,242,.5)',
  data: [[14.6, 0.5392],
           [14.7, 0.5622],
           [14.7, 0.557],
           [14.9, 0.5507],
           [15.1, 0.5473],
           [15.2, 0.5375],
           [15.4, 0.531],
           [15.5, 0.522],
           [15.7, 0.5172],
           [15.9, 0.5131],
           [16.1, 0.5119],
           [16.3, 0.5105],
           [16.5, 0.5097],
           [16.7, 0.5091],
           [16.9, 0.5087],
           [17.1, 0.5099],
           [17.3, 0.5113],
           [17.5, 0.5128],
           [17.6, 0.5135],
           [17.8, 0.5124],
           [18.0, 0.5084],
           [18.3, 0.5049],
           [18.5, 0.5013],
           [18.7, 0.5003],
           [18.8, 0.4999],
           [19.0, 0.5004],
           [19.2, 0.5001],
           [19.4, 0.499],
           [19.5, 0.4968],
           [19.7, 0.4962],
           [19.9, 0.4963],
           [20.1, 0.4975],
           [20.3, 0.4993],
           [20.4, 0.4988],
           [20.6, 0.4967],
           [20.8, 0.4935],
           [20.9, 0.4917],
           [21.1, 0.4907],
           [21.3, 0.4907],
           [21.5, 0.4915],
           [21.6, 0.4913],
           [21.8, 0.4899],
           [22.0, 0.4886],
           [22.2, 0.4878],
           [22.3, 0.488],
           [22.5, 0.4892],
           [22.6, 0.4906],
           [22.8, 0.4905],
           [23.0, 0.4888],
           [23.2, 0.4866],
           [23.3, 0.484],
           [23.5, 0.4836],
           [23.7, 0.4845],
           [23.8, 0.4858],
           [24.0, 0.4866],
           [24.2, 0.4854],
           [24.4, 0.4831],
           [24.5, 0.4817],
           [24.7, 0.4805],
           [24.9, 0.4806],
           [25.1, 0.4813],
           [25.2, 0.4816],
           [25.4, 0.4806],
           [25.5, 0.4796],
           [25.7, 0.4787],
           [25.9, 0.4787],
           [26.1, 0.4795],
           [26.2, 0.4812],
           [26.4, 0.4819],
           [26.5, 0.4803],
           [26.7, 0.4784],
           [26.9, 0.476],
           [27.0, 0.4753],
           [27.2, 0.4754],
           [27.4, 0.4765],
           [27.5, 0.478],
           [27.7, 0.4777],
           [27.9, 0.4752],
           [28.0, 0.4738],
           [28.2, 0.4728],
           [28.4, 0.4727],
           [28.5, 0.4741],
           [28.7, 0.4751],
           [28.9, 0.4753],
           [29.0, 0.4735],
           [29.2, 0.4721],
           [29.4, 0.4714],
           [29.6, 0.4716],
           [29.8, 0.4729],
           [29.9, 0.4741],
           [30.1, 0.474],
           [30.2, 0.4726],
           [30.4, 0.4709],
           [30.6, 0.47],
           [30.8, 0.4702],
           [30.9, 0.471],
           [31.1, 0.4723],
           [31.2, 0.4723],
           [31.4, 0.4706],
           [31.5, 0.4693],
           [31.8, 0.4687],
           [31.9, 0.4687],
           [32.1, 0.4692],
           [32.2, 0.4707],
           [32.4, 0.4711],
           [32.6, 0.4695],
           [32.8, 0.4683],
           [32.9, 0.467],
           [33.1, 0.4669],
           [33.2, 0.4679],
           [33.4, 0.4689],
           [33.6, 0.4694],
           [33.8, 0.4682],
           [33.9, 0.4663],
           [34.0, 0.4656],
           [34.2, 0.4655],
           [34.4, 0.4661],
           [34.6, 0.4671],
           [34.8, 0.468],
           [34.9, 0.4672],
           [35.1, 0.4655],
           [35.3, 0.4644],
           [35.4, 0.4636],
           [35.6, 0.464],
           [35.7, 0.4649],
           [35.9, 0.4656],
           [36.1, 0.4647],
           [36.2, 0.4637],
           [36.4, 0.4627],
           [36.6, 0.4627],
           [36.8, 0.4634],
           [36.9, 0.4644],
           [37.1, 0.4649],
           [37.3, 0.4645],
           [37.4, 0.4634],
           [37.6, 0.4626],
           [37.7, 0.4626],
           [37.9, 0.4637],
           [38.1, 0.4645],
           [38.3, 0.4647],
           [38.4, 0.4641],
           [38.6, 0.4619],
           [38.8, 0.4605],
           [38.9, 0.4595],
           [39.1, 0.4598],
           [39.3, 0.4617],
           [39.4, 0.4628],
           [39.6, 0.4624],
           [39.7, 0.4608],
           [39.9, 0.4593],
           [40.1, 0.4584],
           [40.3, 0.4593],
           [40.4, 0.461],
           [40.6, 0.4618],
           [40.8, 0.4614],
           [40.9, 0.4598],
           [41.1, 0.4577],
           [41.3, 0.4571],
           [41.4, 0.4582],
           [41.6, 0.4591],
           [41.7, 0.4597],
           [41.9, 0.4594],
           [42.1, 0.4573],
           [42.3, 0.4563],
           [42.5, 0.456],
           [42.6, 0.4565],
           [42.7, 0.4577],
           [42.9, 0.4579],
           [43.1, 0.4579],
           [43.3, 0.4559],
           [43.4, 0.4546],
           [43.6, 0.4541],
           [43.8, 0.4545],
           [43.9, 0.4563],
           [44.1, 0.457],
           [44.3, 0.4559],
           [44.4, 0.4545],
           [44.6, 0.4519],
           [44.7, 0.4515],
           [44.9, 0.4522],
           [45.1, 0.4539],
           [45.3, 0.4552],
           [45.5, 0.4546],
           [45.6, 0.4538],
           [45.8, 0.4511],
           [45.9, 0.4502],
           [46.1, 0.4495],
           [46.2, 0.4507],
           [46.4, 0.453],
           [46.6, 0.4534],
           [46.8, 0.4522],
           [46.9, 0.4502],
           [47.1, 0.4489],
           [47.2, 0.4489],
           [47.4, 0.4504],
           [47.6, 0.452],
           [47.7, 0.4531],
           [47.9, 0.4518],
           [48.1, 0.4492],
           [48.3, 0.4481],
           [48.4, 0.4482],
           [48.6, 0.4497],
           [48.8, 0.4511],
           [48.9, 0.4515],
           [49.1, 0.4508],
           [49.2, 0.448],
           [49.5, 0.4465],
           [49.6, 0.4468],
           [49.8, 0.4484],
           [50.0, 0.4501],
           [50.1, 0.4507],
           [50.3, 0.4498],
           [50.5, 0.448],
           [50.6, 0.4459],
           [50.8, 0.4464],
           [50.9, 0.4482],
           [51.1, 0.4501],
           [51.3, 0.4499],
           [51.5, 0.4482],
           [51.6, 0.4458],
           [51.7, 0.4431],
           [51.9, 0.4428],
           [52.1, 0.4455],
           [52.3, 0.4477],
           [52.4, 0.449],
           [52.6, 0.4477],
           [52.8, 0.445],
           [52.9, 0.4439],
           [53.1, 0.4417],
           [53.3, 0.442],
           [53.4, 0.4445],
           [53.6, 0.4452],
           [53.8, 0.4457],
           [53.9, 0.4443],
           [54.1, 0.4439],
           [54.3, 0.4404],
           [54.4, 0.4418],
           [54.6, 0.4444],
           [54.8, 0.446],
           [55.0, 0.4466],
           [55.1, 0.4441],
           [55.3, 0.4414],
           [55.5, 0.4399],
           [55.6, 0.44],
           [55.8, 0.4429],
           [56.0, 0.4443],
           [56.1, 0.4439],
           [56.2, 0.4414],
           [56.4, 0.4396],
           [56.6, 0.4381],
           [56.7, 0.4374],
           [56.9, 0.4392],
           [57.1, 0.4424],
           [57.3, 0.4451],
           [57.5, 0.4472],
           [57.6, 0.4449],
           [57.8, 0.4422],
           [57.9, 0.4413],
           [58.1, 0.4418],
           [58.3, 0.4436],
           [58.5, 0.4427],
           [58.6, 0.4397],
           [58.8, 0.4396],
           [59.0, 0.4387],
           [59.1, 0.4367],
           [59.3, 0.437],
           [59.5, 0.4383],
           [59.6, 0.44],
           [59.8, 0.4472],
           [59.9, 0.4618]],
  }]
