[{name: 'Agar-0.05',
color: 'rgba(213,213,213,.5)',
  data: [[14.9, 0.006894],
           [14.9, 0.006426],
           [15.1, 0.006660999999999999],
           [15.2, 0.006344000000000001],
           [15.4, 0.006526],
           [15.5, 0.006445],
           [15.7, 0.006384000000000001],
           [15.8, 0.00659],
           [16.0, 0.006319],
           [16.1, 0.006652],
           [16.3, 0.006299000000000001],
           [16.5, 0.006635],
           [16.7, 0.006436],
           [16.9, 0.006535],
           [17.0, 0.0065650000000000005],
           [17.2, 0.006395],
           [17.4, 0.006566],
           [17.6, 0.006246000000000001],
           [17.8, 0.006517],
           [18.0, 0.006171],
           [18.1, 0.006394],
           [18.3, 0.006189],
           [18.5, 0.006246000000000001],
           [18.7, 0.006305],
           [18.9, 0.006111],
           [19.1, 0.0063880000000000004],
           [19.2, 0.006059999999999999],
           [19.4, 0.006395],
           [19.6, 0.00608],
           [19.7, 0.0062889999999999995],
           [19.9, 0.006214000000000001],
           [20.1, 0.006161],
           [20.2, 0.006261],
           [20.4, 0.005967],
           [20.6, 0.006240000000000001],
           [20.8, 0.005889999999999999],
           [21.0, 0.006161],
           [21.2, 0.005829],
           [21.3, 0.005991],
           [21.5, 0.00595],
           [21.6, 0.005814000000000001],
           [21.8, 0.006041],
           [22.0, 0.005743000000000001],
           [22.2, 0.0060620000000000005],
           [22.4, 0.005724],
           [22.5, 0.006027],
           [22.7, 0.005804],
           [22.9, 0.0059050000000000005],
           [23.0, 0.005955],
           [23.2, 0.00574],
           [23.3, 0.005913000000000001],
           [23.5, 0.00562],
           [23.7, 0.005815000000000001],
           [23.8, 0.005509000000000001],
           [24.0, 0.005739],
           [24.2, 0.005546000000000001],
           [24.4, 0.005573000000000001],
           [24.5, 0.005652],
           [24.7, 0.0054470000000000005],
           [24.9, 0.005729000000000001],
           [25.0, 0.005384000000000001],
           [25.2, 0.005731],
           [25.4, 0.005433],
           [25.6, 0.005632],
           [25.7, 0.005542],
           [25.9, 0.0055060000000000005],
           [26.0, 0.005605000000000001],
           [26.2, 0.005332],
           [26.4, 0.0056040000000000005],
           [26.5, 0.005243],
           [26.7, 0.005507],
           [26.9, 0.00522],
           [27.0, 0.005367],
           [27.2, 0.005318],
           [27.4, 0.00521],
           [27.6, 0.005404],
           [27.7, 0.005112],
           [27.9, 0.00545],
           [28.1, 0.0050940000000000004],
           [28.3, 0.005406],
           [28.4, 0.005202],
           [28.5, 0.005301],
           [28.7, 0.0053170000000000005],
           [28.9, 0.0051340000000000005],
           [29.1, 0.005314],
           [29.2, 0.005001],
           [29.3, 0.005275],
           [29.6, 0.004912],
           [29.7, 0.005139],
           [29.9, 0.004951],
           [30.1, 0.005006],
           [30.2, 0.0050750000000000005],
           [30.4, 0.005069],
           [30.6, 0.0051589999999999995],
           [30.8, 0.004912],
           [30.9, 0.005152],
           [31.1, 0.004756000000000001],
           [31.2, 0.005052],
           [31.4, 0.005],
           [31.6, 0.004941],
           [31.7, 0.0048259999999999996],
           [31.8, 0.0047610000000000005],
           [32.0, 0.0049310000000000005],
           [32.2, 0.004690000000000001],
           [32.4, 0.004999],
           [32.6, 0.004652],
           [32.7, 0.00496],
           [32.9, 0.004764],
           [33.1, 0.004877],
           [33.3, 0.004873000000000001],
           [33.5, 0.004723],
           [33.6, 0.004895],
           [33.7, 0.00458],
           [33.9, 0.0048449999999999995],
           [34.1, 0.004509000000000001],
           [34.3, 0.0047279999999999996],
           [34.4, 0.0045060000000000005],
           [34.6, 0.004583],
           [34.7, 0.004687],
           [34.9, 0.004462],
           [35.1, 0.004744],
           [35.2, 0.004403],
           [35.4, 0.004757],
           [35.5, 0.004463],
           [35.8, 0.00467],
           [35.9, 0.004575],
           [36.1, 0.004552],
           [36.2, 0.004660999999999999],
           [36.4, 0.0044080000000000005],
           [36.6, 0.004637],
           [36.8, 0.004312000000000001],
           [36.9, 0.004552],
           [37.1, 0.004263],
           [37.3, 0.004444],
           [37.4, 0.004360999999999999],
           [37.6, 0.004299000000000001],
           [37.7, 0.0045000000000000005],
           [37.9, 0.004207],
           [38.1, 0.004542],
           [38.3, 0.004207],
           [38.4, 0.0045119999999999995],
           [38.6, 0.004321],
           [38.8, 0.004411],
           [38.9, 0.004428],
           [39.1, 0.004287],
           [39.3, 0.004458999999999999],
           [39.4, 0.004136],
           [39.6, 0.004403],
           [39.8, 0.0040880000000000005],
           [39.9, 0.004306],
           [40.1, 0.0041010000000000005],
           [40.3, 0.004164],
           [40.4, 0.00423],
           [40.6, 0.00405],
           [40.7, 0.004332],
           [40.9, 0.003986],
           [41.1, 0.004345],
           [41.2, 0.0040490000000000005],
           [41.4, 0.00426],
           [41.6, 0.00419],
           [41.8, 0.00414],
           [41.9, 0.0042699999999999995],
           [42.1, 0.003982],
           [42.2, 0.00426],
           [42.4, 0.003907],
           [42.6, 0.00418],
           [42.8, 0.0038940000000000003],
           [42.9, 0.00405],
           [43.1, 0.003992],
           [43.2, 0.003912],
           [43.4, 0.004125],
           [43.6, 0.003817],
           [43.7, 0.0041849999999999995],
           [43.9, 0.0038540000000000002],
           [44.1, 0.004135],
           [44.3, 0.003955],
           [44.4, 0.004033],
           [44.6, 0.004084],
           [44.8, 0.003901],
           [44.9, 0.004112],
           [45.1, 0.003787],
           [45.3, 0.004031],
           [45.5, 0.0037120000000000005],
           [45.6, 0.003955],
           [45.8, 0.003761],
           [45.9, 0.003798],
           [46.1, 0.0038900000000000002],
           [46.3, 0.0037040000000000003],
           [46.4, 0.0039900000000000005],
           [46.6, 0.003677],
           [46.8, 0.004006],
           [47.0, 0.003736],
           [47.1, 0.0039369999999999995],
           [47.3, 0.0038740000000000003],
           [47.4, 0.0038239999999999997],
           [47.6, 0.0039700000000000004],
           [47.8, 0.003666],
           [47.9, 0.0039369999999999995],
           [48.1, 0.0035870000000000003],
           [48.3, 0.003859],
           [48.4, 0.0035859999999999998],
           [48.6, 0.0037300000000000002],
           [48.8, 0.003696],
           [48.9, 0.0035960000000000002],
           [49.1, 0.00383],
           [49.2, 0.0035510000000000003],
           [49.4, 0.003886],
           [49.6, 0.003543],
           [49.7, 0.0038380000000000003],
           [49.9, 0.003669],
           [50.1, 0.0037660000000000003],
           [50.3, 0.0038130000000000004],
           [50.4, 0.003626],
           [50.6, 0.003827],
           [50.7, 0.003522],
           [50.9, 0.003778],
           [51.1, 0.003461],
           [51.3, 0.003673],
           [51.4, 0.003509],
           [51.5, 0.003534],
           [51.8, 0.0036509999999999997],
           [52.0, 0.003422],
           [52.1, 0.003767],
           [52.3, 0.003424],
           [52.4, 0.0037570000000000004],
           [52.7, 0.003484],
           [52.8, 0.003669],
           [53.0, 0.0036320000000000002],
           [53.1, 0.003561],
           [53.3, 0.003707],
           [53.4, 0.003435],
           [53.6, 0.003697],
           [53.8, 0.003348],
           [53.9, 0.003601],
           [54.1, 0.003355],
           [54.3, 0.0034990000000000004],
           [54.4, 0.003496],
           [54.6, 0.003357],
           [54.7, 0.003612],
           [54.9, 0.0033],
           [55.1, 0.0036509999999999997],
           [55.3, 0.003327],
           [55.5, 0.003617],
           [55.6, 0.003455],
           [55.8, 0.003518],
           [55.9, 0.003618],
           [56.1, 0.003382],
           [56.2, 0.0036070000000000004],
           [56.4, 0.003275],
           [56.6, 0.003568],
           [56.8, 0.003243],
           [57.0, 0.003444],
           [57.1, 0.0032930000000000004],
           [57.2, 0.003296],
           [57.5, 0.003444],
           [57.6, 0.0032010000000000003],
           [57.8, 0.003525],
           [57.9, 0.003147],
           [58.1, 0.003541],
           [58.3, 0.003284],
           [58.5, 0.0034620000000000002],
           [58.6, 0.003439],
           [58.8, 0.003347],
           [58.9, 0.003505],
           [59.1, 0.003189],
           [59.3, 0.003461],
           [59.5, 0.003117],
           [59.6, 0.003388],
           [59.8, 0.003146],
           [59.9, 0.003262]]},
 {name: 'Agar-0.1', 
 color: 'rgba(182,182,182,.5)',
  data: [[14.9, 0.0112],
           [14.8, 0.01023],
           [14.9, 0.01053],
           [14.9, 0.01032],
           [15.1, 0.01044],
           [15.3, 0.0104],
           [15.5, 0.01031],
           [15.7, 0.0105],
           [15.9, 0.01018],
           [16.0, 0.01049],
           [16.2, 0.01013],
           [16.4, 0.01038],
           [16.6, 0.01016],
           [16.8, 0.01023],
           [16.9, 0.01026],
           [17.1, 0.0101],
           [17.3, 0.01036],
           [17.5, 0.01004],
           [17.6, 0.01038],
           [17.8, 0.01007],
           [18.0, 0.0103],
           [18.2, 0.01017],
           [18.4, 0.01015],
           [18.6, 0.01024],
           [18.8, 0.01001],
           [18.9, 0.01019],
           [19.1, 0.009832],
           [19.2, 0.01005],
           [19.4, 0.009756],
           [19.6, 0.009932],
           [19.8, 0.009810000000000001],
           [20.0, 0.009742],
           [20.1, 0.009847],
           [20.4, 0.009583000000000001],
           [20.5, 0.009901],
           [20.7, 0.00957],
           [20.9, 0.009858],
           [21.1, 0.009595000000000001],
           [21.2, 0.009706],
           [21.4, 0.009631],
           [21.5, 0.009533],
           [21.7, 0.009679],
           [21.9, 0.009327],
           [22.1, 0.009609],
           [22.2, 0.009234000000000001],
           [22.4, 0.009441000000000001],
           [22.6, 0.009246],
           [22.8, 0.009273],
           [22.9, 0.009266],
           [23.1, 0.009068],
           [23.3, 0.009334],
           [23.4, 0.008992000000000002],
           [23.6, 0.009330999999999999],
           [23.8, 0.009014],
           [24.0, 0.009227],
           [24.2, 0.009073000000000001],
           [24.3, 0.009079],
           [24.5, 0.009084],
           [24.6, 0.008878],
           [24.8, 0.009067],
           [25.0, 0.008726000000000001],
           [25.2, 0.009001],
           [25.4, 0.008676999999999999],
           [25.5, 0.008804000000000001],
           [25.7, 0.00871],
           [25.9, 0.008597],
           [26.0, 0.008755],
           [26.2, 0.008496],
           [26.3, 0.008819],
           [26.5, 0.008461],
           [26.7, 0.008718],
           [26.9, 0.008506],
           [27.0, 0.008622999999999999],
           [27.2, 0.008579000000000002],
           [27.4, 0.008432],
           [27.6, 0.008593],
           [27.7, 0.008247],
           [27.8, 0.008539],
           [28.0, 0.008156],
           [28.2, 0.008391000000000001],
           [28.3, 0.008176000000000001],
           [28.5, 0.008201],
           [28.7, 0.00825],
           [28.9, 0.008039],
           [29.0, 0.008313000000000001],
           [29.2, 0.00796],
           [29.4, 0.008294000000000001],
           [29.5, 0.007993],
           [29.7, 0.008201],
           [29.9, 0.007891],
           [30.0, 0.008054],
           [30.2, 0.008135],
           [30.4, 0.007865],
           [30.5, 0.008102999999999999],
           [30.7, 0.007731],
           [30.9, 0.007997],
           [31.1, 0.007690000000000001],
           [31.3, 0.007821],
           [31.4, 0.007764],
           [31.6, 0.007633],
           [31.7, 0.0078060000000000004],
           [31.9, 0.0075250000000000004],
           [32.1, 0.007856],
           [32.2, 0.007538],
           [32.4, 0.0078060000000000004],
           [32.6, 0.007442000000000001],
           [32.7, 0.007683],
           [32.9, 0.007660999999999999],
           [33.1, 0.007503],
           [33.3, 0.007656],
           [33.4, 0.007327],
           [33.6, 0.007645],
           [33.7, 0.007245000000000001],
           [33.9, 0.007598],
           [34.1, 0.007295],
           [34.2, 0.0075320000000000005],
           [34.4, 0.007370000000000001],
           [34.6, 0.007161],
           [34.7, 0.007449],
           [34.9, 0.007209],
           [35.1, 0.007364],
           [35.3, 0.007057000000000001],
           [35.4, 0.007265],
           [35.6, 0.007033],
           [35.7, 0.0071790000000000005],
           [35.9, 0.007078],
           [36.1, 0.007013],
           [36.2, 0.0071460000000000004],
           [36.4, 0.00687],
           [36.6, 0.007201],
           [36.7, 0.006889],
           [36.9, 0.0071920000000000005],
           [37.1, 0.0069240000000000005],
           [37.3, 0.007073],
           [37.4, 0.007007],
           [37.5, 0.006925],
           [37.8, 0.007056],
           [37.9, 0.006734],
           [38.1, 0.0070090000000000005],
           [38.3, 0.006657000000000001],
           [38.4, 0.006909],
           [38.6, 0.0066879999999999995],
           [38.7, 0.006723],
           [39.0, 0.006741],
           [39.1, 0.006566],
           [39.3, 0.006836],
           [39.4, 0.006495],
           [39.6, 0.006829],
           [39.8, 0.006534],
           [39.9, 0.006753],
           [40.0, 0.006612],
           [40.2, 0.006632],
           [40.4, 0.0066820000000000004],
           [40.6, 0.006464],
           [40.8, 0.006677],
           [40.9, 0.006338],
           [41.1, 0.006613000000000001],
           [41.3, 0.006304000000000001],
           [41.4, 0.006475],
           [41.6, 0.006354],
           [41.8, 0.006304000000000001],
           [41.9, 0.006423],
           [42.1, 0.006186],
           [42.3, 0.006500000000000001],
           [42.4, 0.0061849999999999995],
           [42.6, 0.006473],
           [42.8, 0.0062439999999999996],
           [42.9, 0.006386],
           [43.1, 0.006313],
           [43.2, 0.006213000000000001],
           [43.4, 0.00636],
           [43.6, 0.006058],
           [43.8, 0.00635],
           [43.9, 0.0059640000000000006],
           [44.1, 0.006211],
           [44.3, 0.0060160000000000005],
           [44.4, 0.0060279999999999995],
           [44.6, 0.006103],
           [44.8, 0.005971000000000001],
           [44.9, 0.00619],
           [45.1, 0.005842],
           [45.2, 0.006161],
           [45.4, 0.005888],
           [45.6, 0.0060940000000000005],
           [45.8, 0.0060019999999999995],
           [45.9, 0.005983],
           [46.1, 0.006069],
           [46.3, 0.005842],
           [46.4, 0.0060880000000000005],
           [46.6, 0.005719],
           [46.8, 0.005995],
           [46.9, 0.005672],
           [47.1, 0.0058460000000000005],
           [47.3, 0.005768],
           [47.4, 0.005699],
           [47.7, 0.0058460000000000005],
           [47.8, 0.005613000000000001],
           [48.0, 0.005927],
           [48.2, 0.005601],
           [48.3, 0.005904],
           [48.4, 0.005649],
           [48.6, 0.005779],
           [48.8, 0.005763],
           [48.9, 0.005658000000000001],
           [49.1, 0.005804],
           [49.3, 0.0054800000000000005],
           [49.4, 0.005762],
           [49.6, 0.0054210000000000005],
           [49.8, 0.005655],
           [49.9, 0.005451],
           [50.1, 0.00551],
           [50.2, 0.0055450000000000004],
           [50.5, 0.005372],
           [50.6, 0.005646],
           [50.8, 0.0053289999999999995],
           [50.9, 0.005642],
           [51.1, 0.0053609999999999994],
           [51.3, 0.0055839999999999996],
           [51.4, 0.005468],
           [51.6, 0.005461000000000001],
           [51.8, 0.005551],
           [51.9, 0.005324],
           [52.0, 0.005569],
           [52.2, 0.005212],
           [52.4, 0.005489],
           [52.6, 0.005205],
           [52.8, 0.0053750000000000004],
           [52.9, 0.00528],
           [53.1, 0.005195],
           [53.2, 0.005359],
           [53.5, 0.005113],
           [53.6, 0.0054459999999999995],
           [53.8, 0.005115000000000001],
           [53.9, 0.0054020000000000006],
           [54.1, 0.005197],
           [54.3, 0.005301],
           [54.4, 0.005309],
           [54.6, 0.00517],
           [54.8, 0.005341],
           [54.9, 0.005030000000000001],
           [55.1, 0.0053170000000000005],
           [55.3, 0.00496],
           [55.4, 0.005199],
           [55.6, 0.005005],
           [55.8, 0.005070000000000001],
           [56.0, 0.005119],
           [56.1, 0.0049429999999999995],
           [56.3, 0.005223],
           [56.4, 0.004888],
           [56.6, 0.00521],
           [56.8, 0.004967],
           [56.9, 0.005152],
           [57.1, 0.005033],
           [57.2, 0.005035],
           [57.5, 0.005128000000000001],
           [57.6, 0.004868000000000001],
           [57.8, 0.005222000000000001],
           [57.9, 0.004782],
           [58.1, 0.005043000000000001],
           [58.3, 0.004802],
           [58.4, 0.004936],
           [58.6, 0.004866],
           [58.8, 0.004765],
           [59.0, 0.004980000000000001],
           [59.1, 0.0046630000000000005],
           [59.3, 0.004997],
           [59.4, 0.004726],
           [59.6, 0.0050490000000000005],
           [59.8, 0.00483],
           [60.0, 0.004926000000000001]]},
 {name: 'Agar-0.15', 
 color: 'rgba(223,246,194,.5)',
  data: [[14.9, 0.02127],
           [15.0, 0.02038],
           [15.0, 0.02023],
           [15.2, 0.0205],
           [15.3, 0.02009],
           [15.5, 0.02036],
           [15.7, 0.01999],
           [15.8, 0.02019],
           [16.0, 0.01996],
           [16.1, 0.01991],
           [16.3, 0.01997],
           [16.5, 0.01968],
           [16.6, 0.01993],
           [16.8, 0.0195],
           [17.0, 0.01981],
           [17.2, 0.01941],
           [17.4, 0.01962],
           [17.6, 0.01926],
           [17.8, 0.01936],
           [18.0, 0.01939],
           [18.1, 0.01907],
           [18.3, 0.01924],
           [18.5, 0.01882],
           [18.7, 0.01901],
           [18.9, 0.01872],
           [19.1, 0.01876],
           [19.2, 0.01873],
           [19.4, 0.01874],
           [19.6, 0.01869],
           [19.8, 0.0183],
           [19.9, 0.01858],
           [20.1, 0.01823],
           [20.2, 0.01845],
           [20.4, 0.01825],
           [20.6, 0.01827],
           [20.8, 0.01823],
           [21.0, 0.018],
           [21.1, 0.01804],
           [21.3, 0.01776],
           [21.5, 0.018],
           [21.7, 0.01764],
           [21.8, 0.01793],
           [22.0, 0.0176],
           [22.2, 0.01775],
           [22.3, 0.01762],
           [22.5, 0.01753],
           [22.7, 0.01757],
           [22.9, 0.01729],
           [23.0, 0.01748],
           [23.2, 0.01709],
           [23.4, 0.01732],
           [23.5, 0.017],
           [23.6, 0.01714],
           [23.8, 0.01702],
           [24.0, 0.01687],
           [24.2, 0.01707],
           [24.4, 0.01673],
           [24.5, 0.01701],
           [24.7, 0.01663],
           [24.9, 0.0169],
           [25.1, 0.01668],
           [25.2, 0.01673],
           [25.4, 0.01672],
           [25.5, 0.01653],
           [25.7, 0.01662],
           [25.9, 0.0163],
           [26.0, 0.01654],
           [26.2, 0.01615],
           [26.4, 0.01634],
           [26.6, 0.01613],
           [26.7, 0.01613],
           [26.9, 0.01618],
           [27.1, 0.01595],
           [27.2, 0.01618],
           [27.4, 0.01579],
           [27.5, 0.0161],
           [27.7, 0.01582],
           [27.9, 0.01598],
           [28.0, 0.01586],
           [28.2, 0.01579],
           [28.4, 0.01586],
           [28.6, 0.01555],
           [28.7, 0.01577],
           [28.9, 0.01538],
           [29.1, 0.01562],
           [29.2, 0.01531],
           [29.4, 0.01542],
           [29.6, 0.01535],
           [29.7, 0.01518],
           [29.9, 0.0154],
           [30.1, 0.01504],
           [30.3, 0.01535],
           [30.4, 0.01499],
           [30.6, 0.01525],
           [30.7, 0.01506],
           [30.9, 0.01509],
           [31.1, 0.01506],
           [31.3, 0.01487],
           [31.4, 0.01501],
           [31.6, 0.01469],
           [31.8, 0.01489],
           [31.9, 0.01457],
           [32.1, 0.01469],
           [32.2, 0.01458],
           [32.4, 0.01453],
           [32.6, 0.01459],
           [32.7, 0.01435],
           [32.9, 0.0146],
           [33.1, 0.01426],
           [33.2, 0.01454],
           [33.4, 0.01427],
           [33.6, 0.01443],
           [33.7, 0.01435],
           [33.9, 0.01425],
           [34.0, 0.01433],
           [34.3, 0.01404],
           [34.4, 0.01424],
           [34.6, 0.01385],
           [34.7, 0.0141],
           [34.9, 0.01382],
           [35.1, 0.0139],
           [35.3, 0.01385],
           [35.4, 0.0137],
           [35.6, 0.01391],
           [35.7, 0.01359],
           [35.9, 0.01386],
           [36.1, 0.01352],
           [36.2, 0.01376],
           [36.4, 0.01359],
           [36.6, 0.01362],
           [36.7, 0.01364],
           [37.0, 0.01343],
           [37.1, 0.01358],
           [37.3, 0.01323],
           [37.4, 0.01348],
           [37.6, 0.01315],
           [37.7, 0.01329],
           [37.9, 0.01313],
           [38.1, 0.01309],
           [38.3, 0.01322],
           [38.4, 0.01293],
           [38.6, 0.01321],
           [38.8, 0.01286],
           [38.9, 0.01315],
           [39.1, 0.01287],
           [39.3, 0.01304],
           [39.4, 0.01294],
           [39.6, 0.01284],
           [39.8, 0.01293],
           [39.9, 0.01265],
           [40.1, 0.01285],
           [40.3, 0.01247],
           [40.4, 0.01274],
           [40.6, 0.01245],
           [40.7, 0.01252],
           [40.9, 0.01254],
           [41.1, 0.01234],
           [41.3, 0.01257],
           [41.4, 0.01221],
           [41.6, 0.0125],
           [41.8, 0.01217],
           [42.0, 0.01241],
           [42.1, 0.01225],
           [42.2, 0.0123],
           [42.4, 0.0123],
           [42.6, 0.01207],
           [42.7, 0.01228],
           [42.9, 0.01191],
           [43.1, 0.01218],
           [43.3, 0.01182],
           [43.5, 0.01199],
           [43.6, 0.01183],
           [43.8, 0.01178],
           [43.9, 0.01187],
           [44.1, 0.01163],
           [44.3, 0.0119],
           [44.5, 0.01154],
           [44.6, 0.01185],
           [44.8, 0.01161],
           [44.9, 0.01172],
           [45.1, 0.01166],
           [45.2, 0.01156],
           [45.4, 0.01166],
           [45.5, 0.01134],
           [45.7, 0.01151],
           [45.9, 0.01123],
           [46.1, 0.01145],
           [46.3, 0.01126],
           [46.4, 0.01125],
           [46.6, 0.01125],
           [46.8, 0.01112],
           [46.9, 0.01132],
           [47.1, 0.01102],
           [47.3, 0.01128],
           [47.4, 0.01099],
           [47.6, 0.01119],
           [47.8, 0.01104],
           [47.9, 0.01109],
           [48.1, 0.01112],
           [48.2, 0.01086],
           [48.4, 0.01108],
           [48.6, 0.01069],
           [48.8, 0.01098],
           [48.9, 0.01063],
           [49.1, 0.0108],
           [49.3, 0.01066],
           [49.4, 0.01063],
           [49.6, 0.01075],
           [49.8, 0.01049],
           [50.0, 0.01079],
           [50.1, 0.01043],
           [50.2, 0.0107],
           [50.4, 0.01047],
           [50.6, 0.0106],
           [50.8, 0.01056],
           [50.9, 0.01041],
           [51.1, 0.01057],
           [51.2, 0.01024],
           [51.4, 0.0105],
           [51.6, 0.01014],
           [51.8, 0.01036],
           [51.9, 0.0101],
           [52.1, 0.0102],
           [52.3, 0.01019],
           [52.4, 0.01002],
           [52.6, 0.01026],
           [52.8, 0.009929],
           [52.9, 0.01024],
           [53.1, 0.009894],
           [53.3, 0.0101],
           [53.5, 0.00999],
           [53.6, 0.01002],
           [53.8, 0.01006],
           [54.0, 0.009827],
           [54.1, 0.01005],
           [54.3, 0.009684],
           [54.4, 0.009936],
           [54.6, 0.009602000000000001],
           [54.8, 0.009817000000000001],
           [54.9, 0.009644],
           [55.1, 0.009603],
           [55.3, 0.009753],
           [55.4, 0.009451000000000001],
           [55.6, 0.009784000000000001],
           [55.7, 0.009415],
           [55.9, 0.00973],
           [56.1, 0.009485],
           [56.3, 0.009602000000000001],
           [56.5, 0.009568],
           [56.6, 0.009428],
           [56.8, 0.00958],
           [57.0, 0.00929],
           [57.1, 0.009534],
           [57.3, 0.009159],
           [57.4, 0.009364],
           [57.6, 0.009141],
           [57.8, 0.009191000000000001],
           [57.9, 0.009243000000000001],
           [58.1, 0.009041],
           [58.3, 0.009301],
           [58.4, 0.00895],
           [58.6, 0.009311999999999999],
           [58.8, 0.008951],
           [59.0, 0.009209],
           [59.1, 0.009076],
           [59.2, 0.009067],
           [59.4, 0.009103],
           [59.6, 0.00887],
           [59.8, 0.009126],
           [60.0, 0.008744]]},
 { name: 'Agar-0.2',
 color: 'rgba(172,239,209,.5)',
  data: [[16.2, 0.03451],
           [16.2, 0.03143],
           [16.2, 0.0319],
           [16.2, 0.03139],
           [16.2, 0.03177],
           [16.3, 0.03151],
           [16.4, 0.03163],
           [16.5, 0.03147],
           [16.6, 0.03122],
           [16.7, 0.03134],
           [16.8, 0.03099],
           [17.0, 0.03118],
           [17.1, 0.03065],
           [17.2, 0.03089],
           [17.4, 0.03053],
           [17.5, 0.03057],
           [17.6, 0.03056],
           [17.8, 0.03026],
           [18.0, 0.03048],
           [18.1, 0.03003],
           [18.3, 0.03036],
           [18.4, 0.0299],
           [18.6, 0.03007],
           [18.8, 0.02989],
           [18.9, 0.02987],
           [19.1, 0.02983],
           [19.2, 0.02955],
           [19.4, 0.02975],
           [19.5, 0.02927],
           [19.6, 0.02953],
           [19.8, 0.0291],
           [20.0, 0.02924],
           [20.1, 0.02907],
           [20.3, 0.02893],
           [20.5, 0.02904],
           [20.6, 0.02864],
           [20.8, 0.02898],
           [21.0, 0.02852],
           [21.2, 0.02885],
           [21.3, 0.0285],
           [21.5, 0.0286],
           [21.7, 0.02848],
           [21.9, 0.0283],
           [22.0, 0.02838],
           [22.2, 0.02802],
           [22.4, 0.02823],
           [22.5, 0.02775],
           [22.7, 0.02802],
           [22.9, 0.02767],
           [23.0, 0.02768],
           [23.2, 0.02768],
           [23.4, 0.02743],
           [23.6, 0.02762],
           [23.8, 0.02719],
           [24.0, 0.02755],
           [24.1, 0.02713],
           [24.2, 0.02739],
           [24.4, 0.02713],
           [24.6, 0.02714],
           [24.8, 0.02714],
           [25.0, 0.02684],
           [25.1, 0.02703],
           [25.3, 0.02657],
           [25.5, 0.02682],
           [25.6, 0.02641],
           [25.8, 0.02658],
           [26.0, 0.02637],
           [26.1, 0.02627],
           [26.4, 0.02641],
           [26.5, 0.02602],
           [26.7, 0.02638],
           [26.9, 0.02595],
           [27.0, 0.02626],
           [27.2, 0.02592],
           [27.3, 0.02599],
           [27.5, 0.02594],
           [27.7, 0.02578],
           [27.9, 0.02588],
           [28.0, 0.0255],
           [28.2, 0.02572],
           [28.4, 0.02525],
           [28.5, 0.02547],
           [28.7, 0.02522],
           [28.9, 0.02525],
           [29.0, 0.02525],
           [29.2, 0.02495],
           [29.3, 0.02523],
           [29.5, 0.02479],
           [29.7, 0.02517],
           [29.9, 0.02475],
           [30.0, 0.02495],
           [30.2, 0.02477],
           [30.4, 0.02476],
           [30.6, 0.02476],
           [30.7, 0.02443],
           [30.8, 0.02467],
           [31.1, 0.02422],
           [31.2, 0.02447],
           [31.4, 0.02408],
           [31.6, 0.02421],
           [31.7, 0.02409],
           [31.9, 0.02393],
           [32.1, 0.02412],
           [32.2, 0.02372],
           [32.4, 0.02409],
           [32.5, 0.02363],
           [32.7, 0.02397],
           [32.9, 0.02368],
           [33.1, 0.02372],
           [33.2, 0.02368],
           [33.4, 0.0235],
           [33.5, 0.02361],
           [33.7, 0.02324],
           [33.9, 0.02346],
           [34.1, 0.02302],
           [34.2, 0.02326],
           [34.4, 0.02298],
           [34.6, 0.02299],
           [34.7, 0.02301],
           [34.9, 0.02274],
           [35.0, 0.02303],
           [35.2, 0.02257],
           [35.4, 0.02296],
           [35.6, 0.02256],
           [35.8, 0.02277],
           [35.9, 0.02257],
           [36.1, 0.02254],
           [36.2, 0.02259],
           [36.4, 0.02225],
           [36.6, 0.02249],
           [36.7, 0.02203],
           [36.9, 0.02227],
           [37.1, 0.02191],
           [37.2, 0.02203],
           [37.4, 0.02194],
           [37.6, 0.02178],
           [37.7, 0.02199],
           [37.9, 0.0216],
           [38.1, 0.02191],
           [38.3, 0.02148],
           [38.4, 0.02178],
           [38.6, 0.02149],
           [38.7, 0.02158],
           [38.9, 0.02151],
           [39.1, 0.02131],
           [39.2, 0.02145],
           [39.4, 0.02106],
           [39.6, 0.02129],
           [39.7, 0.02086],
           [39.9, 0.0211],
           [40.1, 0.02081],
           [40.3, 0.02081],
           [40.4, 0.02085],
           [40.6, 0.02054],
           [40.8, 0.02086],
           [40.9, 0.02039],
           [41.1, 0.0208],
           [41.3, 0.02042],
           [41.4, 0.02054],
           [41.6, 0.02041],
           [41.7, 0.02033],
           [41.9, 0.02036],
           [42.1, 0.02002],
           [42.3, 0.02028],
           [42.4, 0.01982],
           [42.5, 0.02007],
           [42.7, 0.01973],
           [42.9, 0.01981],
           [43.1, 0.01975],
           [43.3, 0.01957],
           [43.4, 0.01973],
           [43.6, 0.01932],
           [43.8, 0.01969],
           [43.9, 0.01926],
           [44.1, 0.01953],
           [44.3, 0.01909],
           [44.4, 0.01935],
           [44.6, 0.0193],
           [44.7, 0.01907],
           [44.9, 0.01923],
           [45.1, 0.0188],
           [45.3, 0.01904],
           [45.4, 0.01862],
           [45.6, 0.01885],
           [45.8, 0.01862],
           [45.9, 0.01856],
           [46.1, 0.01861],
           [46.2, 0.01832],
           [46.4, 0.01864],
           [46.6, 0.0182],
           [46.8, 0.01854],
           [46.9, 0.01817],
           [47.1, 0.01833],
           [47.3, 0.01817],
           [47.4, 0.0181],
           [47.6, 0.01818],
           [47.8, 0.01782],
           [47.9, 0.01803],
           [48.1, 0.01759],
           [48.3, 0.01782],
           [48.4, 0.01749],
           [48.6, 0.01759],
           [48.8, 0.01754],
           [48.9, 0.01759],
           [49.1, 0.01755],
           [49.3, 0.01711],
           [49.4, 0.0175],
           [49.6, 0.01706],
           [49.8, 0.01733],
           [49.9, 0.01711],
           [50.1, 0.01711],
           [50.3, 0.0171],
           [50.4, 0.01686],
           [50.6, 0.01687],
           [50.7, 0.01659],
           [50.9, 0.01689],
           [51.1, 0.01645],
           [51.3, 0.01682],
           [51.4, 0.01646],
           [51.6, 0.01664],
           [51.8, 0.01646],
           [52.0, 0.01639],
           [52.1, 0.01644],
           [52.3, 0.01614],
           [52.4, 0.01638],
           [52.6, 0.01591],
           [52.8, 0.01618],
           [53.0, 0.01577],
           [53.1, 0.01591],
           [53.3, 0.01583],
           [53.4, 0.0157],
           [53.6, 0.01585],
           [53.7, 0.01543],
           [53.9, 0.0158],
           [54.1, 0.01537],
           [54.3, 0.01567],
           [54.4, 0.0154],
           [54.6, 0.01548],
           [54.8, 0.01544],
           [54.9, 0.01526],
           [55.1, 0.01535],
           [55.3, 0.01498],
           [55.4, 0.01523],
           [55.6, 0.01481],
           [55.8, 0.01502],
           [56.0, 0.01478],
           [56.1, 0.01474],
           [56.3, 0.01479],
           [56.5, 0.01451],
           [56.6, 0.01486],
           [56.8, 0.01439],
           [56.9, 0.01473],
           [57.1, 0.01437],
           [57.2, 0.01456],
           [57.4, 0.01439],
           [57.6, 0.01433],
           [57.8, 0.0144],
           [57.9, 0.01406],
           [58.1, 0.0143],
           [58.2, 0.01387],
           [58.4, 0.0141],
           [58.6, 0.01375],
           [58.8, 0.01387],
           [58.9, 0.01379],
           [59.1, 0.01363],
           [59.3, 0.01384],
           [59.4, 0.01341],
           [59.6, 0.01376],
           [59.7, 0.01338],
           [59.9, 0.01366]]},
 {name: 'Agar-0.25',
 color: 'rgba(165,255,176,.5)',
  data: [[15.0, 0.05898],
           [15.0, 0.05491],
           [15.1, 0.05344],
           [15.2, 0.05339],
           [15.3, 0.05305],
           [15.5, 0.05267],
           [15.7, 0.05277],
           [15.8, 0.05211],
           [15.9, 0.05241],
           [16.1, 0.05197],
           [16.3, 0.05211],
           [16.5, 0.05185],
           [16.6, 0.05182],
           [16.8, 0.05151],
           [17.0, 0.0514],
           [17.2, 0.0513],
           [17.3, 0.05086],
           [17.5, 0.05105],
           [17.7, 0.05062],
           [17.9, 0.05059],
           [18.1, 0.05037],
           [18.3, 0.05023],
           [18.5, 0.05027],
           [18.7, 0.04983],
           [18.8, 0.04999],
           [19.0, 0.04951],
           [19.2, 0.04971],
           [19.4, 0.04943],
           [19.6, 0.0495],
           [19.7, 0.0494],
           [19.9, 0.04911],
           [20.1, 0.04901],
           [20.3, 0.04871],
           [20.5, 0.04879],
           [20.6, 0.04871],
           [20.8, 0.04846],
           [20.9, 0.04809],
           [21.1, 0.04805],
           [21.3, 0.04801],
           [21.5, 0.04766],
           [21.6, 0.04797],
           [21.8, 0.04733],
           [22.0, 0.04774],
           [22.2, 0.04719],
           [22.4, 0.0474],
           [22.5, 0.04702],
           [22.7, 0.04697],
           [22.8, 0.04711],
           [23.0, 0.04664],
           [23.2, 0.04674],
           [23.4, 0.0463],
           [23.5, 0.04639],
           [23.7, 0.04604],
           [23.8, 0.04612],
           [24.1, 0.04594],
           [24.2, 0.04573],
           [24.4, 0.04577],
           [24.5, 0.04549],
           [24.7, 0.04568],
           [24.9, 0.04525],
           [25.1, 0.04547],
           [25.2, 0.0451],
           [25.4, 0.04512],
           [25.5, 0.04503],
           [25.7, 0.04479],
           [25.9, 0.04483],
           [26.1, 0.04447],
           [26.2, 0.04459],
           [26.4, 0.04417],
           [26.5, 0.04432],
           [26.7, 0.04397],
           [26.9, 0.04396],
           [27.0, 0.04387],
           [27.2, 0.04369],
           [27.4, 0.04378],
           [27.6, 0.0434],
           [27.7, 0.04369],
           [27.9, 0.04325],
           [28.0, 0.04341],
           [28.2, 0.04314],
           [28.4, 0.04308],
           [28.5, 0.0431],
           [28.7, 0.04269],
           [28.9, 0.04288],
           [29.1, 0.04249],
           [29.2, 0.04267],
           [29.4, 0.04225],
           [29.5, 0.04232],
           [29.7, 0.04218],
           [29.9, 0.04202],
           [30.1, 0.04212],
           [30.2, 0.04172],
           [30.4, 0.04188],
           [30.6, 0.0415],
           [30.8, 0.0417],
           [30.9, 0.04146],
           [31.1, 0.04143],
           [31.2, 0.04134],
           [31.4, 0.0411],
           [31.6, 0.04115],
           [31.7, 0.04083],
           [31.9, 0.04096],
           [32.1, 0.04055],
           [32.3, 0.04072],
           [32.4, 0.04041],
           [32.6, 0.04039],
           [32.7, 0.04038],
           [32.9, 0.04007],
           [33.1, 0.0403],
           [33.3, 0.0399],
           [33.4, 0.04017],
           [33.6, 0.03976],
           [33.7, 0.03987],
           [33.9, 0.03969],
           [34.1, 0.03958],
           [34.3, 0.03959],
           [34.4, 0.03927],
           [34.5, 0.03936],
           [34.7, 0.03898],
           [34.9, 0.03913],
           [35.1, 0.03876],
           [35.3, 0.03879],
           [35.4, 0.03869],
           [35.6, 0.03856],
           [35.8, 0.03872],
           [35.9, 0.03828],
           [36.1, 0.03854],
           [36.3, 0.03809],
           [36.4, 0.03831],
           [36.6, 0.03801],
           [36.8, 0.03807],
           [36.9, 0.03795],
           [37.1, 0.03771],
           [37.3, 0.03782],
           [37.5, 0.03742],
           [37.6, 0.03761],
           [37.8, 0.03719],
           [37.9, 0.03738],
           [38.1, 0.03703],
           [38.3, 0.037],
           [38.4, 0.03696],
           [38.6, 0.03667],
           [38.8, 0.0369],
           [38.9, 0.03645],
           [39.0, 0.03671],
           [39.3, 0.03633],
           [39.4, 0.03648],
           [39.6, 0.03628],
           [39.7, 0.03617],
           [39.9, 0.03616],
           [40.1, 0.03586],
           [40.2, 0.03602],
           [40.4, 0.03564],
           [40.6, 0.0358],
           [40.7, 0.03543],
           [40.9, 0.03541],
           [41.1, 0.03534],
           [41.2, 0.03512],
           [41.4, 0.03519],
           [41.6, 0.03482],
           [41.8, 0.03507],
           [42.0, 0.03464],
           [42.1, 0.03485],
           [42.3, 0.03457],
           [42.5, 0.0346],
           [42.6, 0.03455],
           [42.8, 0.03416],
           [42.9, 0.03436],
           [43.1, 0.03399],
           [43.3, 0.03416],
           [43.5, 0.03376],
           [43.6, 0.0339],
           [43.8, 0.03367],
           [43.9, 0.03352],
           [44.1, 0.03351],
           [44.3, 0.03323],
           [44.4, 0.03349],
           [44.5, 0.033],
           [44.8, 0.03323],
           [44.9, 0.03292],
           [45.1, 0.03303],
           [45.3, 0.03282],
           [45.4, 0.03262],
           [45.6, 0.03267],
           [45.8, 0.03236],
           [46.0, 0.0325],
           [46.1, 0.03204],
           [46.2, 0.03219],
           [46.4, 0.03189],
           [46.6, 0.03193],
           [46.7, 0.03179],
           [46.9, 0.03161],
           [47.1, 0.03172],
           [47.3, 0.03139],
           [47.4, 0.03152],
           [47.6, 0.03112],
           [47.7, 0.03117],
           [47.9, 0.03104],
           [48.1, 0.03109],
           [48.2, 0.03094],
           [48.4, 0.03063],
           [48.6, 0.03079],
           [48.8, 0.0304],
           [48.9, 0.03055],
           [49.1, 0.03015],
           [49.3, 0.03024],
           [49.4, 0.03002],
           [49.6, 0.02988],
           [49.8, 0.02994],
           [49.9, 0.02963],
           [50.1, 0.02984],
           [50.3, 0.02943],
           [50.4, 0.02966],
           [50.6, 0.02931],
           [50.7, 0.02941],
           [50.9, 0.02927],
           [51.1, 0.02926],
           [51.2, 0.02912],
           [51.4, 0.02884],
           [51.6, 0.02897],
           [51.8, 0.02857],
           [51.9, 0.02865],
           [52.1, 0.0283],
           [52.3, 0.0285],
           [52.4, 0.02825],
           [52.6, 0.02828],
           [52.8, 0.02816],
           [52.9, 0.02767],
           [53.1, 0.02797],
           [53.2, 0.02763],
           [53.4, 0.02781],
           [53.6, 0.02751],
           [53.8, 0.02752],
           [54.0, 0.0272],
           [54.1, 0.02713],
           [54.3, 0.02716],
           [54.4, 0.02684],
           [54.6, 0.02699],
           [54.8, 0.02659],
           [55.0, 0.02688],
           [55.1, 0.02649],
           [55.3, 0.02666],
           [55.4, 0.0264],
           [55.6, 0.02634],
           [55.8, 0.02624],
           [55.9, 0.02601],
           [56.1, 0.02621],
           [56.3, 0.02576],
           [56.4, 0.02597],
           [56.6, 0.02554],
           [56.7, 0.02558],
           [56.9, 0.02546],
           [57.1, 0.02527],
           [57.3, 0.02537],
           [57.5, 0.02496],
           [57.6, 0.02523],
           [57.8, 0.0248],
           [57.9, 0.02498],
           [58.1, 0.02473],
           [58.2, 0.02474],
           [58.4, 0.0247],
           [58.6, 0.02443],
           [58.7, 0.02455],
           [58.9, 0.02418],
           [59.1, 0.02431],
           [59.3, 0.02389],
           [59.4, 0.02402],
           [59.6, 0.02375],
           [59.8, 0.02365],
           [60.0, 0.0237]]},
 { name: 'Agar-0.3', 
 color: 'rgba(175,206,223,.5)',
  data: [[14.8, 0.05104],
           [14.8, 0.0473],
           [14.9, 0.04714],
           [15.0, 0.04689],
           [15.2, 0.04691],
           [15.4, 0.04637],
           [15.5, 0.04666],
           [15.7, 0.04633],
           [15.9, 0.04635],
           [16.1, 0.046],
           [16.3, 0.04605],
           [16.4, 0.04601],
           [16.6, 0.04565],
           [16.8, 0.04576],
           [16.9, 0.04522],
           [17.2, 0.04531],
           [17.4, 0.04504],
           [17.5, 0.04502],
           [17.7, 0.0449],
           [17.9, 0.04478],
           [18.0, 0.04485],
           [18.2, 0.04429],
           [18.4, 0.04461],
           [18.5, 0.04401],
           [18.8, 0.04446],
           [18.9, 0.04396],
           [19.1, 0.04403],
           [19.3, 0.04381],
           [19.5, 0.04363],
           [19.6, 0.04359],
           [19.8, 0.04339],
           [20.0, 0.04337],
           [20.2, 0.04285],
           [20.3, 0.043],
           [20.5, 0.04275],
           [20.7, 0.04273],
           [20.9, 0.04272],
           [21.1, 0.04248],
           [21.3, 0.04255],
           [21.4, 0.04224],
           [21.6, 0.04251],
           [21.7, 0.04222],
           [21.9, 0.04229],
           [22.1, 0.04207],
           [22.3, 0.04195],
           [22.4, 0.04211],
           [22.7, 0.04171],
           [22.8, 0.04175],
           [23.0, 0.04142],
           [23.1, 0.04166],
           [23.3, 0.04106],
           [23.5, 0.04114],
           [23.6, 0.04114],
           [23.8, 0.0409],
           [24.0, 0.04101],
           [24.2, 0.04059],
           [24.4, 0.04068],
           [24.5, 0.04029],
           [24.7, 0.04056],
           [24.8, 0.04041],
           [25.0, 0.0403],
           [25.2, 0.0403],
           [25.3, 0.03997],
           [25.5, 0.04006],
           [25.7, 0.03957],
           [25.9, 0.03975],
           [26.0, 0.03943],
           [26.2, 0.0396],
           [26.4, 0.03938],
           [26.6, 0.03929],
           [26.7, 0.03925],
           [26.9, 0.03899],
           [27.0, 0.03917],
           [27.2, 0.03884],
           [27.4, 0.03914],
           [27.5, 0.03873],
           [27.7, 0.03881],
           [27.9, 0.03862],
           [28.0, 0.03841],
           [28.2, 0.03838],
           [28.4, 0.03801],
           [28.5, 0.03823],
           [28.7, 0.0378],
           [28.9, 0.03809],
           [29.1, 0.03777],
           [29.2, 0.03771],
           [29.4, 0.03755],
           [29.6, 0.0374],
           [29.7, 0.03747],
           [29.9, 0.03702],
           [30.1, 0.03728],
           [30.2, 0.037],
           [30.4, 0.03724],
           [30.5, 0.03696],
           [30.7, 0.03713],
           [30.9, 0.03684],
           [31.0, 0.03662],
           [31.2, 0.03674],
           [31.4, 0.03629],
           [31.6, 0.0366],
           [31.8, 0.03618],
           [31.9, 0.03622],
           [32.1, 0.03596],
           [32.2, 0.03589],
           [32.4, 0.03588],
           [32.6, 0.03572],
           [32.7, 0.03598],
           [32.9, 0.03558],
           [33.1, 0.03599],
           [33.2, 0.03571],
           [33.4, 0.03559],
           [33.6, 0.03537],
           [33.7, 0.03524],
           [33.9, 0.03526],
           [34.1, 0.03492],
           [34.2, 0.03518],
           [34.4, 0.03482],
           [34.6, 0.03488],
           [34.7, 0.03445],
           [34.9, 0.03472],
           [35.1, 0.03441],
           [35.2, 0.03442],
           [35.4, 0.03444],
           [35.5, 0.03392],
           [35.7, 0.03442],
           [35.9, 0.034],
           [36.1, 0.03422],
           [36.3, 0.03418],
           [36.4, 0.03417],
           [36.6, 0.03398],
           [36.8, 0.03395],
           [36.9, 0.03389],
           [37.1, 0.03336],
           [37.3, 0.03351],
           [37.4, 0.03319],
           [37.6, 0.03346],
           [37.7, 0.03311],
           [37.9, 0.03301],
           [38.1, 0.03297],
           [38.3, 0.03252],
           [38.4, 0.0328],
           [38.6, 0.03248],
           [38.7, 0.03275],
           [38.9, 0.03243],
           [39.1, 0.03267],
           [39.3, 0.03252],
           [39.4, 0.03228],
           [39.6, 0.03229],
           [39.8, 0.03215],
           [39.9, 0.03241],
           [40.0, 0.03186],
           [40.2, 0.03208],
           [40.4, 0.03176],
           [40.6, 0.03171],
           [40.7, 0.03167],
           [40.9, 0.03141],
           [41.1, 0.03163],
           [41.3, 0.03111],
           [41.4, 0.03129],
           [41.6, 0.03091],
           [41.7, 0.03116],
           [41.9, 0.03086],
           [42.1, 0.03078],
           [42.2, 0.03076],
           [42.4, 0.03055],
           [42.6, 0.03075],
           [42.8, 0.03022],
           [43.0, 0.03032],
           [43.1, 0.03],
           [43.3, 0.03023],
           [43.4, 0.02996],
           [43.6, 0.0298],
           [43.7, 0.02991],
           [43.9, 0.02967],
           [44.1, 0.02991],
           [44.3, 0.02936],
           [44.4, 0.02954],
           [44.6, 0.02926],
           [44.8, 0.02927],
           [44.9, 0.02917],
           [45.1, 0.02904],
           [45.3, 0.02883],
           [45.4, 0.02869],
           [45.6, 0.0288],
           [45.7, 0.02827],
           [45.9, 0.02847],
           [46.1, 0.02821],
           [46.3, 0.02818],
           [46.4, 0.02819],
           [46.6, 0.028],
           [46.8, 0.02817],
           [47.0, 0.02787],
           [47.1, 0.02809],
           [47.3, 0.02775],
           [47.4, 0.02801],
           [47.6, 0.02762],
           [47.8, 0.02772],
           [47.9, 0.02765],
           [48.1, 0.02739],
           [48.2, 0.02744],
           [48.4, 0.02689],
           [48.6, 0.02712],
           [48.8, 0.02678],
           [48.9, 0.02683],
           [49.1, 0.02659],
           [49.3, 0.02653],
           [49.4, 0.02651],
           [49.6, 0.02618],
           [49.8, 0.02646],
           [49.9, 0.02606],
           [50.1, 0.02625],
           [50.3, 0.02591],
           [50.4, 0.02604],
           [50.6, 0.02582],
           [50.7, 0.02556],
           [51.0, 0.02573],
           [51.1, 0.02549],
           [51.3, 0.02547],
           [51.4, 0.02507],
           [51.6, 0.0253],
           [51.8, 0.02499],
           [51.9, 0.02531],
           [52.1, 0.02494],
           [52.3, 0.0249],
           [52.4, 0.02498],
           [52.6, 0.02442],
           [52.8, 0.02479],
           [53.0, 0.02428],
           [53.1, 0.02455],
           [53.3, 0.02409],
           [53.4, 0.02422],
           [53.6, 0.02394],
           [53.8, 0.02383],
           [53.9, 0.0239],
           [54.1, 0.02357],
           [54.3, 0.02373],
           [54.4, 0.02335],
           [54.6, 0.02359],
           [54.8, 0.02325],
           [54.9, 0.02328],
           [55.1, 0.0232],
           [55.3, 0.02307],
           [55.5, 0.02293],
           [55.6, 0.02273],
           [55.8, 0.02295],
           [55.9, 0.02247],
           [56.1, 0.02254],
           [56.3, 0.02226],
           [56.4, 0.02232],
           [56.6, 0.02221],
           [56.8, 0.02199],
           [57.0, 0.02218],
           [57.1, 0.02166],
           [57.3, 0.02192],
           [57.4, 0.02159],
           [57.6, 0.0218],
           [57.8, 0.02153],
           [57.9, 0.02152],
           [58.1, 0.02149],
           [58.2, 0.02124],
           [58.4, 0.02147],
           [58.6, 0.0209],
           [58.8, 0.02103],
           [58.9, 0.0207],
           [59.1, 0.02078],
           [59.3, 0.02063],
           [59.4, 0.02044],
           [59.6, 0.02056],
           [59.7, 0.02013],
           [60.0, 0.02041]]},
 {name: 'Agar-0.35',
 color: 'rgba(60,244,188,.5)',
  data: [[15.0, 0.07783],
           [15.0, 0.07187],
           [15.1, 0.07198],
           [15.2, 0.07103],
           [15.3, 0.0714],
           [15.5, 0.07052],
           [15.7, 0.07078],
           [15.8, 0.07008],
           [15.9, 0.07019],
           [16.1, 0.06977],
           [16.3, 0.06941],
           [16.4, 0.06941],
           [16.7, 0.06863],
           [16.9, 0.06882],
           [17.0, 0.06812],
           [17.2, 0.0683],
           [17.4, 0.06774],
           [17.6, 0.06768],
           [17.8, 0.06749],
           [18.0, 0.06699],
           [18.2, 0.06728],
           [18.3, 0.06652],
           [18.5, 0.06694],
           [18.7, 0.06624],
           [18.9, 0.06649],
           [19.1, 0.06608],
           [19.2, 0.06598],
           [19.4, 0.06585],
           [19.6, 0.0653],
           [19.7, 0.06545],
           [19.9, 0.06473],
           [20.1, 0.06505],
           [20.3, 0.06439],
           [20.5, 0.06442],
           [20.6, 0.06419],
           [20.8, 0.06389],
           [21.0, 0.06404],
           [21.2, 0.06342],
           [21.3, 0.06387],
           [21.5, 0.06315],
           [21.7, 0.06343],
           [21.8, 0.06288],
           [22.0, 0.063],
           [22.2, 0.06274],
           [22.3, 0.06242],
           [22.5, 0.06255],
           [22.7, 0.06189],
           [22.9, 0.06215],
           [23.1, 0.06145],
           [23.3, 0.06175],
           [23.4, 0.06132],
           [23.5, 0.06123],
           [23.7, 0.06114],
           [23.9, 0.06071],
           [24.0, 0.06105],
           [24.2, 0.06035],
           [24.4, 0.06078],
           [24.6, 0.06031],
           [24.7, 0.0605],
           [24.9, 0.06012],
           [25.1, 0.05999],
           [25.2, 0.05995],
           [25.4, 0.05949],
           [25.5, 0.05959],
           [25.7, 0.05901],
           [25.9, 0.05931],
           [26.1, 0.05875],
           [26.2, 0.05883],
           [26.4, 0.05855],
           [26.6, 0.05834],
           [26.8, 0.05849],
           [26.9, 0.05797],
           [27.0, 0.05836],
           [27.2, 0.05775],
           [27.4, 0.05805],
           [27.6, 0.05763],
           [27.8, 0.05765],
           [27.9, 0.05749],
           [28.1, 0.05717],
           [28.2, 0.0573],
           [28.4, 0.05672],
           [28.6, 0.05695],
           [28.7, 0.0564],
           [28.9, 0.05657],
           [29.1, 0.05617],
           [29.2, 0.05613],
           [29.4, 0.05627],
           [29.6, 0.05571],
           [29.8, 0.05599],
           [29.9, 0.05534],
           [30.1, 0.05572],
           [30.2, 0.05525],
           [30.4, 0.05542],
           [30.6, 0.05515],
           [30.7, 0.05502],
           [30.9, 0.05504],
           [31.1, 0.05458],
           [31.3, 0.05468],
           [31.4, 0.0541],
           [31.6, 0.0544],
           [31.8, 0.0539],
           [31.9, 0.05387],
           [32.1, 0.05372],
           [32.3, 0.05349],
           [32.4, 0.05376],
           [32.6, 0.05316],
           [32.7, 0.05354],
           [32.9, 0.05291],
           [33.1, 0.05318],
           [33.2, 0.05282],
           [33.4, 0.05293],
           [33.6, 0.0528],
           [33.7, 0.05242],
           [33.9, 0.05254],
           [34.1, 0.052],
           [34.3, 0.05225],
           [34.4, 0.05172],
           [34.6, 0.05186],
           [34.8, 0.05152],
           [34.9, 0.05136],
           [35.1, 0.05146],
           [35.2, 0.05096],
           [35.4, 0.05137],
           [35.6, 0.05075],
           [35.7, 0.05109],
           [35.9, 0.05068],
           [36.1, 0.05085],
           [36.3, 0.05064],
           [36.4, 0.05039],
           [36.6, 0.05045],
           [36.8, 0.04989],
           [36.9, 0.05011],
           [37.1, 0.04957],
           [37.2, 0.0498],
           [37.4, 0.04942],
           [37.6, 0.0494],
           [37.7, 0.04929],
           [37.9, 0.04896],
           [38.1, 0.04929],
           [38.3, 0.04866],
           [38.4, 0.04901],
           [38.6, 0.0485],
           [38.7, 0.04872],
           [38.9, 0.04835],
           [39.1, 0.04832],
           [39.2, 0.04828],
           [39.4, 0.04784],
           [39.6, 0.04801],
           [39.8, 0.04739],
           [40.0, 0.04765],
           [40.1, 0.04712],
           [40.3, 0.04727],
           [40.4, 0.04701],
           [40.6, 0.04674],
           [40.8, 0.04697],
           [40.9, 0.04638],
           [41.1, 0.04674],
           [41.3, 0.0462],
           [41.4, 0.04647],
           [41.6, 0.04608],
           [41.7, 0.04619],
           [42.0, 0.046],
           [42.1, 0.04572],
           [42.2, 0.04579],
           [42.4, 0.04529],
           [42.6, 0.04552],
           [42.8, 0.04504],
           [42.9, 0.04527],
           [43.1, 0.0448],
           [43.3, 0.04477],
           [43.4, 0.0447],
           [43.6, 0.04428],
           [43.7, 0.04459],
           [43.9, 0.04403],
           [44.1, 0.04441],
           [44.2, 0.04375],
           [44.4, 0.04395],
           [44.6, 0.04372],
           [44.8, 0.04359],
           [44.9, 0.04356],
           [45.1, 0.04314],
           [45.3, 0.04324],
           [45.4, 0.04268],
           [45.6, 0.04283],
           [45.8, 0.04246],
           [45.9, 0.04255],
           [46.1, 0.04236],
           [46.2, 0.0422],
           [46.5, 0.04225],
           [46.6, 0.04166],
           [46.8, 0.04207],
           [47.0, 0.04147],
           [47.1, 0.04174],
           [47.2, 0.04137],
           [47.4, 0.04145],
           [47.6, 0.04128],
           [47.8, 0.04099],
           [47.9, 0.0411],
           [48.1, 0.04054],
           [48.3, 0.04072],
           [48.4, 0.04025],
           [48.6, 0.04036],
           [48.8, 0.03999],
           [48.9, 0.03994],
           [49.1, 0.03984],
           [49.3, 0.03946],
           [49.5, 0.03971],
           [49.6, 0.03914],
           [49.8, 0.03955],
           [49.9, 0.03907],
           [50.1, 0.0391],
           [50.3, 0.03891],
           [50.4, 0.03881],
           [50.6, 0.03867],
           [50.8, 0.03831],
           [51.0, 0.03842],
           [51.1, 0.03789],
           [51.2, 0.03815],
           [51.5, 0.03766],
           [51.6, 0.03767],
           [51.7, 0.03762],
           [51.9, 0.03729],
           [52.1, 0.03747],
           [52.3, 0.03691],
           [52.4, 0.03723],
           [52.6, 0.0367],
           [52.8, 0.0369],
           [53.0, 0.03652],
           [53.1, 0.03666],
           [53.2, 0.03651],
           [53.4, 0.03619],
           [53.6, 0.03625],
           [53.8, 0.03569],
           [53.9, 0.03594],
           [54.1, 0.03537],
           [54.3, 0.03554],
           [54.5, 0.0352],
           [54.6, 0.03537],
           [54.8, 0.03507],
           [54.9, 0.03502],
           [55.1, 0.03497],
           [55.3, 0.03455],
           [55.4, 0.03466],
           [55.6, 0.03407],
           [55.8, 0.03439],
           [55.9, 0.03381],
           [56.1, 0.03393],
           [56.3, 0.03364],
           [56.5, 0.03345],
           [56.6, 0.03358],
           [56.8, 0.03308],
           [57.0, 0.0334],
           [57.1, 0.03285],
           [57.3, 0.0331],
           [57.4, 0.0327],
           [57.6, 0.03282],
           [57.8, 0.03264],
           [57.9, 0.0324],
           [58.1, 0.03241],
           [58.3, 0.03191],
           [58.5, 0.03206],
           [58.6, 0.03152],
           [58.8, 0.03175],
           [58.9, 0.03137],
           [59.1, 0.0313],
           [59.3, 0.03122],
           [59.4, 0.03087],
           [59.6, 0.03118],
           [59.8, 0.03061],
           [59.9, 0.03095]]},
 {name: 'Agar-0.4', 
 color: 'rgba(242,221,108,.5)',
  data: [[16.2, 0.1408],
           [16.1, 0.121],
           [16.1, 0.1147],
           [16.1, 0.1094],
           [16.1, 0.1092],
           [16.2, 0.1081],
           [16.2, 0.1046],
           [16.3, 0.1037],
           [16.4, 0.1015],
           [16.5, 0.1023],
           [16.7, 0.1018],
           [16.8, 0.1022],
           [16.9, 0.1004],
           [17.0, 0.1009],
           [17.2, 0.1013],
           [17.4, 0.1028],
           [17.5, 0.1051],
           [17.8, 0.1044],
           [17.9, 0.1009],
           [18.0, 0.1011],
           [18.2, 0.09968],
           [18.4, 0.1018],
           [18.5, 0.09922],
           [18.7, 0.1024],
           [18.9, 0.09906],
           [19.0, 0.09944],
           [19.1, 0.0987],
           [19.4, 0.09857],
           [19.5, 0.09864],
           [19.7, 0.09746],
           [19.8, 0.09838],
           [20.0, 0.09518],
           [20.1, 0.09682],
           [20.3, 0.09559],
           [20.5, 0.09713],
           [20.6, 0.09821],
           [20.8, 0.09551],
           [21.0, 0.09658],
           [21.1, 0.09423],
           [21.3, 0.09385],
           [21.5, 0.09647],
           [21.7, 0.09727],
           [21.8, 0.09626],
           [22.0, 0.09684],
           [22.2, 0.09728],
           [22.4, 0.09569],
           [22.5, 0.09746],
           [22.8, 0.09653],
           [22.9, 0.09537],
           [23.1, 0.0946],
           [23.2, 0.09453],
           [23.4, 0.09398],
           [23.6, 0.09665],
           [23.8, 0.09482],
           [23.9, 0.09466],
           [24.1, 0.09309],
           [24.3, 0.09199],
           [24.5, 0.09364],
           [24.6, 0.09462],
           [24.8, 0.09223],
           [24.9, 0.09369],
           [25.1, 0.09248],
           [25.3, 0.09255],
           [25.5, 0.09263],
           [25.6, 0.09237],
           [25.8, 0.09261],
           [26.0, 0.09311],
           [26.2, 0.09347],
           [26.3, 0.09459],
           [26.5, 0.09367],
           [26.6, 0.09423],
           [26.8, 0.09398],
           [27.0, 0.09315],
           [27.2, 0.09018],
           [27.3, 0.0893],
           [27.5, 0.09219],
           [27.7, 0.09333],
           [27.8, 0.09141],
           [28.0, 0.09097],
           [28.2, 0.09143],
           [28.3, 0.09084],
           [28.5, 0.0903],
           [28.7, 0.09023],
           [28.9, 0.09064],
           [29.1, 0.09088],
           [29.3, 0.09161],
           [29.4, 0.0908],
           [29.6, 0.09138],
           [29.8, 0.08986],
           [29.9, 0.09138],
           [30.0, 0.09023],
           [30.2, 0.08927],
           [30.4, 0.08961],
           [30.5, 0.08972],
           [30.7, 0.08964],
           [30.9, 0.0894],
           [31.1, 0.08961],
           [31.2, 0.08957],
           [31.4, 0.08843],
           [31.5, 0.08831],
           [31.7, 0.08984],
           [31.9, 0.08676],
           [32.0, 0.08835],
           [32.3, 0.08795],
           [32.4, 0.08545],
           [32.6, 0.08574],
           [32.7, 0.08803],
           [32.9, 0.08516],
           [33.1, 0.08377],
           [33.2, 0.08521],
           [33.4, 0.08475],
           [33.5, 0.08787],
           [33.7, 0.08647],
           [33.9, 0.08876],
           [34.1, 0.08799],
           [34.2, 0.08448],
           [34.4, 0.08422],
           [34.6, 0.08385],
           [34.7, 0.08476],
           [34.9, 0.08459],
           [35.1, 0.08667],
           [35.2, 0.08597],
           [35.4, 0.0856],
           [35.6, 0.08456],
           [35.7, 0.08522],
           [35.9, 0.08352],
           [36.1, 0.08168],
           [36.3, 0.08181],
           [36.4, 0.08348],
           [36.6, 0.08369],
           [36.7, 0.08157],
           [36.9, 0.08291],
           [37.1, 0.08392],
           [37.2, 0.08304],
           [37.4, 0.08259],
           [37.6, 0.08147],
           [37.8, 0.08257],
           [37.9, 0.07983],
           [38.1, 0.08038],
           [38.3, 0.08032],
           [38.4, 0.07978],
           [38.6, 0.08168],
           [38.7, 0.08194],
           [38.9, 0.0809],
           [39.1, 0.08111],
           [39.2, 0.08081],
           [39.4, 0.08058],
           [39.6, 0.08033],
           [39.7, 0.07913],
           [39.9, 0.0798],
           [40.1, 0.08185],
           [40.3, 0.07909],
           [40.4, 0.07939],
           [40.6, 0.08088],
           [40.8, 0.07925],
           [40.9, 0.08028],
           [41.1, 0.07655],
           [41.3, 0.07846],
           [41.4, 0.07725],
           [41.6, 0.07845],
           [41.7, 0.07749],
           [42.0, 0.07727],
           [42.1, 0.0766],
           [42.3, 0.07691],
           [42.4, 0.07571],
           [42.6, 0.0778],
           [42.8, 0.07655],
           [42.9, 0.07649],
           [43.1, 0.07551],
           [43.3, 0.07595],
           [43.4, 0.07423],
           [43.6, 0.07454],
           [43.8, 0.07322],
           [44.0, 0.07337],
           [44.1, 0.07231],
           [44.3, 0.07366],
           [44.4, 0.07435],
           [44.6, 0.07492],
           [44.8, 0.07395],
           [44.9, 0.07436],
           [45.1, 0.07522],
           [45.2, 0.07438],
           [45.4, 0.07356],
           [45.6, 0.07257],
           [45.7, 0.06984],
           [46.0, 0.07188],
           [46.1, 0.07115],
           [46.3, 0.07164],
           [46.4, 0.07105],
           [46.6, 0.07116],
           [46.8, 0.06942],
           [46.9, 0.06999],
           [47.1, 0.07017],
           [47.3, 0.07186],
           [47.4, 0.07025],
           [47.6, 0.06877],
           [47.8, 0.07011],
           [47.9, 0.07046],
           [48.1, 0.06648],
           [48.3, 0.06592],
           [48.4, 0.06704],
           [48.6, 0.06681],
           [48.7, 0.06757],
           [48.9, 0.06647],
           [49.1, 0.06837],
           [49.3, 0.06711],
           [49.4, 0.06748],
           [49.6, 0.06584],
           [49.8, 0.06341],
           [49.9, 0.06468],
           [50.1, 0.06592],
           [50.3, 0.06594],
           [50.5, 0.06536],
           [50.6, 0.06591],
           [50.8, 0.06473],
           [50.9, 0.06359],
           [51.1, 0.06492],
           [51.3, 0.06497],
           [51.5, 0.0652],
           [51.6, 0.06493],
           [51.7, 0.06559],
           [51.9, 0.06402],
           [52.1, 0.06348],
           [52.3, 0.06356],
           [52.4, 0.05989],
           [52.6, 0.06114],
           [52.8, 0.0627],
           [53.0, 0.06242],
           [53.1, 0.05997],
           [53.3, 0.06052],
           [53.4, 0.06141],
           [53.6, 0.06064],
           [53.8, 0.0592],
           [54.0, 0.05889],
           [54.1, 0.05795],
           [54.2, 0.05634],
           [54.4, 0.05548],
           [54.6, 0.05741],
           [54.7, 0.05849],
           [54.9, 0.05519],
           [55.1, 0.05533],
           [55.3, 0.05592],
           [55.4, 0.05673],
           [55.6, 0.05661],
           [55.8, 0.05506],
           [55.9, 0.05557],
           [56.1, 0.05505],
           [56.3, 0.05713],
           [56.4, 0.05571],
           [56.6, 0.05558],
           [56.8, 0.05649],
           [56.9, 0.05668],
           [57.1, 0.05507],
           [57.2, 0.05507],
           [57.5, 0.05519],
           [57.6, 0.05479],
           [57.8, 0.05541],
           [57.9, 0.05396],
           [58.1, 0.05393],
           [58.3, 0.05341],
           [58.5, 0.05319],
           [58.6, 0.05448],
           [58.8, 0.05147],
           [58.9, 0.05282],
           [59.1, 0.05278],
           [59.3, 0.05228],
           [59.5, 0.0506],
           [59.6, 0.04991],
           [59.8, 0.05133],
           [60.0, 0.05026]]},
 {name: 'Agar-0.45', 
 color: 'rgba(95,156,226,.5)',
  data: [[15.0, 0.1508],
           [15.0, 0.1389],
           [15.1, 0.1341],
           [15.2, 0.1287],
           [15.3, 0.1274],
           [15.5, 0.1274],
           [15.6, 0.1242],
           [15.8, 0.1239],
           [16.0, 0.1195],
           [16.1, 0.1208],
           [16.3, 0.1194],
           [16.4, 0.1221],
           [16.6, 0.122],
           [16.9, 0.1214],
           [17.0, 0.1216],
           [17.2, 0.1224],
           [17.4, 0.1208],
           [17.6, 0.1212],
           [17.8, 0.1204],
           [18.0, 0.1195],
           [18.2, 0.1175],
           [18.3, 0.1153],
           [18.5, 0.1148],
           [18.7, 0.1159],
           [18.9, 0.1156],
           [19.1, 0.1193],
           [19.3, 0.1173],
           [19.4, 0.1182],
           [19.6, 0.1194],
           [19.8, 0.1188],
           [19.9, 0.1176],
           [20.1, 0.1154],
           [20.3, 0.1166],
           [20.5, 0.1164],
           [20.6, 0.1163],
           [20.8, 0.1153],
           [21.0, 0.116],
           [21.2, 0.1197],
           [21.4, 0.1178],
           [21.5, 0.1152],
           [21.7, 0.1152],
           [21.8, 0.1143],
           [22.0, 0.1134],
           [22.2, 0.1153],
           [22.3, 0.1138],
           [22.5, 0.1113],
           [22.7, 0.1112],
           [22.9, 0.1123],
           [23.0, 0.1136],
           [23.2, 0.1114],
           [23.4, 0.1107],
           [23.6, 0.1125],
           [23.7, 0.111],
           [23.9, 0.1106],
           [24.1, 0.1113],
           [24.2, 0.1097],
           [24.4, 0.11],
           [24.5, 0.1097],
           [24.7, 0.1099],
           [24.9, 0.1116],
           [25.0, 0.1109],
           [25.2, 0.1118],
           [25.4, 0.1102],
           [25.6, 0.1072],
           [25.7, 0.1095],
           [25.9, 0.111],
           [26.0, 0.1114],
           [26.2, 0.1098],
           [26.4, 0.1096],
           [26.6, 0.1096],
           [26.7, 0.1071],
           [26.9, 0.1083],
           [27.0, 0.1073],
           [27.3, 0.1091],
           [27.4, 0.1049],
           [27.6, 0.1077],
           [27.7, 0.1065],
           [27.9, 0.1063],
           [28.1, 0.104],
           [28.2, 0.1044],
           [28.4, 0.1026],
           [28.6, 0.1062],
           [28.8, 0.1072],
           [28.9, 0.1081],
           [29.1, 0.1062],
           [29.2, 0.1057],
           [29.4, 0.103],
           [29.6, 0.102],
           [29.8, 0.1038],
           [29.9, 0.1054],
           [30.1, 0.1028],
           [30.2, 0.1061],
           [30.4, 0.1051],
           [30.6, 0.09907],
           [30.7, 0.09966],
           [30.9, 0.1019],
           [31.1, 0.1045],
           [31.2, 0.102],
           [31.4, 0.1022],
           [31.6, 0.1005],
           [31.7, 0.1022],
           [31.9, 0.1003],
           [32.1, 0.1006],
           [32.2, 0.1002],
           [32.4, 0.1015],
           [32.6, 0.1004],
           [32.7, 0.1018],
           [32.9, 0.1031],
           [33.1, 0.1007],
           [33.3, 0.1011],
           [33.4, 0.09877],
           [33.6, 0.1001],
           [33.8, 0.1015],
           [33.9, 0.101],
           [34.1, 0.09997],
           [34.3, 0.09849],
           [34.4, 0.09865],
           [34.6, 0.1012],
           [34.7, 0.09901],
           [34.9, 0.09873],
           [35.1, 0.09867],
           [35.2, 0.1007],
           [35.5, 0.09763],
           [35.6, 0.09728],
           [35.8, 0.09698],
           [35.9, 0.09867],
           [36.1, 0.0976],
           [36.3, 0.09705],
           [36.5, 0.09781],
           [36.6, 0.09685],
           [36.7, 0.0969],
           [36.9, 0.09966],
           [37.1, 0.09917],
           [37.2, 0.0977],
           [37.4, 0.09651],
           [37.6, 0.09549],
           [37.7, 0.09588],
           [37.9, 0.09507],
           [38.1, 0.09556],
           [38.3, 0.09472],
           [38.4, 0.09307],
           [38.6, 0.09319],
           [38.8, 0.09294],
           [38.9, 0.09545],
           [39.1, 0.09531],
           [39.3, 0.09349],
           [39.4, 0.09156],
           [39.6, 0.092],
           [39.8, 0.09278],
           [39.9, 0.09276],
           [40.1, 0.09121],
           [40.3, 0.09552],
           [40.5, 0.09303],
           [40.6, 0.08942],
           [40.8, 0.09107],
           [40.9, 0.09082],
           [41.1, 0.09045],
           [41.3, 0.09044],
           [41.4, 0.09235],
           [41.6, 0.09141],
           [41.8, 0.09079],
           [41.9, 0.09231],
           [42.1, 0.09045],
           [42.2, 0.08977],
           [42.4, 0.09048],
           [42.6, 0.08831],
           [42.7, 0.08918],
           [42.9, 0.08909],
           [43.1, 0.09144],
           [43.2, 0.0886],
           [43.4, 0.08743],
           [43.6, 0.08866],
           [43.8, 0.08893],
           [43.9, 0.08633],
           [44.1, 0.0858],
           [44.3, 0.08769],
           [44.4, 0.08674],
           [44.6, 0.08784],
           [44.8, 0.08748],
           [44.9, 0.08595],
           [45.1, 0.08637],
           [45.3, 0.08592],
           [45.5, 0.08581],
           [45.6, 0.08373],
           [45.8, 0.08319],
           [46.0, 0.08501],
           [46.1, 0.0847],
           [46.2, 0.08566],
           [46.4, 0.0865],
           [46.6, 0.08465],
           [46.7, 0.08302],
           [46.9, 0.08472],
           [47.1, 0.08282],
           [47.3, 0.08349],
           [47.4, 0.0812],
           [47.6, 0.0811],
           [47.7, 0.08199],
           [47.9, 0.07927],
           [48.1, 0.08077],
           [48.3, 0.07983],
           [48.4, 0.08092],
           [48.6, 0.07839],
           [48.8, 0.07879],
           [48.9, 0.07915],
           [49.1, 0.0794],
           [49.3, 0.07895],
           [49.4, 0.07813],
           [49.6, 0.07745],
           [49.8, 0.07689],
           [49.9, 0.07929],
           [50.1, 0.07866],
           [50.2, 0.07636],
           [50.4, 0.07475],
           [50.6, 0.07444],
           [50.8, 0.07449],
           [51.0, 0.07341],
           [51.1, 0.07353],
           [51.3, 0.07465],
           [51.5, 0.07455],
           [51.6, 0.07463],
           [51.8, 0.07406],
           [52.0, 0.07384],
           [52.1, 0.07264],
           [52.3, 0.07352],
           [52.4, 0.07191],
           [52.6, 0.07272],
           [52.7, 0.07095],
           [52.9, 0.07062],
           [53.1, 0.07184],
           [53.2, 0.0703],
           [53.4, 0.07112],
           [53.6, 0.0713],
           [53.8, 0.06903],
           [53.9, 0.06886],
           [54.1, 0.06904],
           [54.3, 0.06836],
           [54.4, 0.0689],
           [54.6, 0.06952],
           [54.7, 0.06913],
           [55.0, 0.06852],
           [55.1, 0.06766],
           [55.3, 0.06847],
           [55.4, 0.06877],
           [55.6, 0.06987],
           [55.8, 0.06865],
           [55.9, 0.06661],
           [56.1, 0.06625],
           [56.3, 0.0666],
           [56.4, 0.06617],
           [56.6, 0.06431],
           [56.8, 0.06445],
           [56.9, 0.06283],
           [57.1, 0.06343],
           [57.3, 0.06317],
           [57.5, 0.06325],
           [57.6, 0.06421],
           [57.8, 0.06326],
           [57.9, 0.06388],
           [58.1, 0.06134],
           [58.3, 0.06177],
           [58.4, 0.0617],
           [58.6, 0.06178],
           [58.8, 0.06011],
           [58.9, 0.06102],
           [59.1, 0.05995],
           [59.3, 0.06206],
           [59.4, 0.06041],
           [59.6, 0.06151],
           [59.8, 0.06025],
           [60.0, 0.05724]]},
 {name: 'Agar-0.5',
 color: 'rgba(10,117,242,.5)',
  data: [[14.8, 0.1603],
           [14.8, 0.1499],
           [14.9, 0.1494],
           [15.1, 0.1462],
           [15.2, 0.146],
           [15.4, 0.1445],
           [15.6, 0.1433],
           [15.8, 0.1423],
           [15.9, 0.1418],
           [16.1, 0.1407],
           [16.3, 0.1398],
           [16.4, 0.1393],
           [16.6, 0.1388],
           [16.8, 0.1382],
           [17.0, 0.1384],
           [17.2, 0.1369],
           [17.4, 0.1373],
           [17.5, 0.1367],
           [17.7, 0.136],
           [17.9, 0.1358],
           [18.0, 0.1353],
           [18.3, 0.1346],
           [18.5, 0.134],
           [18.6, 0.1334],
           [18.8, 0.1328],
           [19.0, 0.133],
           [19.1, 0.1328],
           [19.3, 0.1326],
           [19.5, 0.1322],
           [19.7, 0.1316],
           [19.9, 0.1318],
           [20.0, 0.1306],
           [20.2, 0.1309],
           [20.4, 0.1304],
           [20.5, 0.1306],
           [20.7, 0.129],
           [20.9, 0.129],
           [21.1, 0.1284],
           [21.3, 0.128],
           [21.5, 0.1277],
           [21.6, 0.1273],
           [21.8, 0.1286],
           [21.9, 0.1271],
           [22.1, 0.1263],
           [22.3, 0.1259],
           [22.4, 0.1259],
           [22.6, 0.1255],
           [22.8, 0.1247],
           [23.0, 0.1252],
           [23.2, 0.1245],
           [23.3, 0.1243],
           [23.5, 0.1236],
           [23.7, 0.1231],
           [23.8, 0.123],
           [24.0, 0.1225],
           [24.2, 0.1226],
           [24.3, 0.1225],
           [24.5, 0.1221],
           [24.7, 0.1224],
           [24.9, 0.122],
           [25.0, 0.1216],
           [25.2, 0.1207],
           [25.4, 0.1217],
           [25.6, 0.1205],
           [25.7, 0.1202],
           [25.9, 0.1194],
           [26.0, 0.1202],
           [26.2, 0.1198],
           [26.4, 0.1191],
           [26.5, 0.1186],
           [26.7, 0.1182],
           [26.9, 0.1183],
           [27.0, 0.1185],
           [27.2, 0.1183],
           [27.3, 0.1171],
           [27.5, 0.1172],
           [27.7, 0.1172],
           [27.9, 0.1175],
           [28.1, 0.1163],
           [28.3, 0.1167],
           [28.4, 0.1166],
           [28.5, 0.1164],
           [28.7, 0.1158],
           [28.9, 0.1154],
           [29.1, 0.1154],
           [29.2, 0.1148],
           [29.4, 0.1146],
           [29.6, 0.1146],
           [29.7, 0.1139],
           [29.9, 0.1139],
           [30.1, 0.1137],
           [30.3, 0.1136],
           [30.4, 0.1127],
           [30.5, 0.1124],
           [30.7, 0.1124],
           [30.9, 0.1123],
           [31.1, 0.1123],
           [31.2, 0.112],
           [31.4, 0.111],
           [31.6, 0.1103],
           [31.7, 0.1109],
           [31.9, 0.1109],
           [32.1, 0.1102],
           [32.2, 0.11],
           [32.4, 0.1096],
           [32.6, 0.1093],
           [32.8, 0.1089],
           [32.9, 0.1092],
           [33.1, 0.1084],
           [33.3, 0.1085],
           [33.4, 0.1079],
           [33.6, 0.1077],
           [33.7, 0.1077],
           [33.9, 0.1073],
           [34.1, 0.1069],
           [34.2, 0.1059],
           [34.4, 0.1064],
           [34.6, 0.1058],
           [34.8, 0.1058],
           [34.9, 0.1054],
           [35.0, 0.1049],
           [35.2, 0.1051],
           [35.4, 0.1045],
           [35.6, 0.1048],
           [35.7, 0.1049],
           [35.9, 0.1045],
           [36.1, 0.1034],
           [36.2, 0.1036],
           [36.4, 0.1033],
           [36.6, 0.1031],
           [36.8, 0.1024],
           [36.9, 0.1021],
           [37.0, 0.1026],
           [37.3, 0.1015],
           [37.4, 0.1011],
           [37.6, 0.1009],
           [37.7, 0.1008],
           [37.9, 0.1005],
           [38.1, 0.1003],
           [38.3, 0.09975],
           [38.4, 0.09971],
           [38.6, 0.0999],
           [38.8, 0.09906],
           [38.9, 0.0994],
           [39.1, 0.0987],
           [39.2, 0.09818],
           [39.4, 0.09833],
           [39.6, 0.09778],
           [39.8, 0.09795],
           [39.9, 0.09701],
           [40.0, 0.09647],
           [40.2, 0.09608],
           [40.4, 0.09617],
           [40.6, 0.09575],
           [40.8, 0.09543],
           [40.9, 0.09582],
           [41.1, 0.09506],
           [41.3, 0.09508],
           [41.4, 0.09455],
           [41.6, 0.09443],
           [41.8, 0.0936],
           [41.9, 0.09384],
           [42.1, 0.09346],
           [42.3, 0.09333],
           [42.4, 0.09324],
           [42.6, 0.09341],
           [42.8, 0.09259],
           [42.9, 0.09185],
           [43.1, 0.09191],
           [43.2, 0.09148],
           [43.4, 0.09119],
           [43.6, 0.0915],
           [43.8, 0.09085],
           [43.9, 0.09059],
           [44.1, 0.09009],
           [44.3, 0.08989],
           [44.5, 0.08928],
           [44.6, 0.08928],
           [44.7, 0.08849],
           [44.9, 0.08828],
           [45.1, 0.08767],
           [45.3, 0.08771],
           [45.4, 0.08728],
           [45.6, 0.08702],
           [45.8, 0.08732],
           [45.9, 0.08668],
           [46.1, 0.08653],
           [46.3, 0.08592],
           [46.4, 0.08587],
           [46.6, 0.08576],
           [46.8, 0.08511],
           [46.9, 0.08538],
           [47.1, 0.08449],
           [47.3, 0.08454],
           [47.4, 0.0841],
           [47.6, 0.08397],
           [47.8, 0.0832],
           [47.9, 0.08258],
           [48.1, 0.0829],
           [48.3, 0.08235],
           [48.4, 0.08237],
           [48.5, 0.08161],
           [48.7, 0.08149],
           [48.9, 0.08076],
           [49.1, 0.08073],
           [49.3, 0.08066],
           [49.4, 0.08001],
           [49.6, 0.08015],
           [49.8, 0.07977],
           [50.0, 0.0798],
           [50.1, 0.0792],
           [50.3, 0.07931],
           [50.4, 0.07846],
           [50.6, 0.07817],
           [50.7, 0.07749],
           [50.9, 0.07697],
           [51.1, 0.07706],
           [51.3, 0.07648],
           [51.5, 0.0763],
           [51.6, 0.07606],
           [51.8, 0.07571],
           [52.0, 0.07507],
           [52.2, 0.07474],
           [52.3, 0.07473],
           [52.5, 0.0741],
           [52.6, 0.07411],
           [52.8, 0.07395],
           [52.9, 0.07349],
           [53.1, 0.07303],
           [53.2, 0.07305],
           [53.4, 0.07276],
           [53.6, 0.07253],
           [53.7, 0.07246],
           [54.0, 0.07204],
           [54.1, 0.07141],
           [54.3, 0.07099],
           [54.4, 0.0704],
           [54.6, 0.07016],
           [54.8, 0.07016],
           [54.9, 0.06973],
           [55.1, 0.06947],
           [55.3, 0.06939],
           [55.4, 0.06851],
           [55.6, 0.06856],
           [55.8, 0.06803],
           [56.0, 0.06783],
           [56.1, 0.06745],
           [56.3, 0.06724],
           [56.5, 0.06708],
           [56.6, 0.06646],
           [56.8, 0.06648],
           [57.0, 0.06592],
           [57.1, 0.06557],
           [57.3, 0.06495],
           [57.4, 0.06507],
           [57.6, 0.06467],
           [57.8, 0.06445],
           [57.9, 0.06445],
           [58.1, 0.06378],
           [58.3, 0.06373],
           [58.4, 0.06324],
           [58.5, 0.06331],
           [58.7, 0.06255],
           [58.9, 0.06218],
           [59.1, 0.0621],
           [59.3, 0.0615],
           [59.5, 0.06132],
           [59.6, 0.06103],
           [59.8, 0.06087],
           [59.9, 0.06054]]},
 {name: 'Agar-0.55', 
 color: 'rgba(53,82,198,.5)',
  data: [[15.5, 0.1572],
           [15.5, 0.1525],
           [15.5, 0.153],
           [15.5, 0.1481],
           [15.6, 0.1483],
           [15.7, 0.1448],
           [15.9, 0.1451],
           [16.0, 0.144],
           [16.2, 0.1449],
           [16.3, 0.1423],
           [16.5, 0.1419],
           [16.6, 0.1419],
           [16.8, 0.141],
           [16.9, 0.1401],
           [17.1, 0.1392],
           [17.3, 0.1382],
           [17.5, 0.138],
           [17.6, 0.1377],
           [17.8, 0.1375],
           [18.0, 0.1368],
           [18.1, 0.1367],
           [18.3, 0.1359],
           [18.5, 0.1362],
           [18.6, 0.1371],
           [18.8, 0.1363],
           [19.0, 0.135],
           [19.1, 0.1349],
           [19.3, 0.135],
           [19.5, 0.1348],
           [19.6, 0.1343],
           [19.8, 0.1332],
           [20.0, 0.1333],
           [20.2, 0.1329],
           [20.3, 0.1328],
           [20.5, 0.1329],
           [20.7, 0.132],
           [20.9, 0.1319],
           [21.0, 0.1306],
           [21.2, 0.1306],
           [21.4, 0.1302],
           [21.5, 0.1298],
           [21.7, 0.1297],
           [21.9, 0.1289],
           [22.0, 0.1287],
           [22.2, 0.1288],
           [22.4, 0.1287],
           [22.6, 0.1286],
           [22.8, 0.1288],
           [22.9, 0.1276],
           [23.1, 0.127],
           [23.3, 0.127],
           [23.4, 0.1263],
           [23.6, 0.1262],
           [23.8, 0.125],
           [23.9, 0.1252],
           [24.1, 0.125],
           [24.3, 0.125],
           [24.5, 0.1242],
           [24.7, 0.1242],
           [24.8, 0.1235],
           [25.0, 0.1235],
           [25.1, 0.1236],
           [25.3, 0.1234],
           [25.5, 0.1236],
           [25.7, 0.1225],
           [25.8, 0.1231],
           [26.0, 0.1229],
           [26.2, 0.1227],
           [26.4, 0.1218],
           [26.5, 0.1217],
           [26.7, 0.1227],
           [26.8, 0.1209],
           [27.0, 0.1212],
           [27.2, 0.1207],
           [27.4, 0.1202],
           [27.5, 0.1197],
           [27.7, 0.1195],
           [27.9, 0.1194],
           [28.0, 0.1184],
           [28.2, 0.1181],
           [28.4, 0.1183],
           [28.6, 0.1189],
           [28.7, 0.1174],
           [28.9, 0.1181],
           [29.0, 0.118],
           [29.2, 0.1177],
           [29.4, 0.1168],
           [29.5, 0.1167],
           [29.7, 0.1165],
           [29.9, 0.1159],
           [30.0, 0.1158],
           [30.2, 0.1157],
           [30.4, 0.1157],
           [30.5, 0.1143],
           [30.7, 0.1147],
           [30.9, 0.1143],
           [31.1, 0.1145],
           [31.2, 0.1146],
           [31.4, 0.1133],
           [31.6, 0.1131],
           [31.8, 0.1128],
           [31.9, 0.1134],
           [32.0, 0.112],
           [32.2, 0.1121],
           [32.4, 0.1116],
           [32.6, 0.1115],
           [32.7, 0.1114],
           [32.9, 0.1109],
           [33.1, 0.11],
           [33.2, 0.11],
           [33.4, 0.1102],
           [33.6, 0.1105],
           [33.7, 0.1097],
           [33.9, 0.1091],
           [34.1, 0.109],
           [34.2, 0.1088],
           [34.4, 0.109],
           [34.6, 0.1085],
           [34.7, 0.1081],
           [34.9, 0.1079],
           [35.1, 0.107],
           [35.2, 0.1073],
           [35.4, 0.1071],
           [35.5, 0.1069],
           [35.7, 0.1064],
           [35.9, 0.1059],
           [36.1, 0.1052],
           [36.3, 0.1049],
           [36.5, 0.105],
           [36.6, 0.1045],
           [36.7, 0.1042],
           [36.9, 0.1043],
           [37.1, 0.1054],
           [37.3, 0.1049],
           [37.4, 0.1033],
           [37.6, 0.1035],
           [37.8, 0.1025],
           [37.9, 0.1032],
           [38.1, 0.1025],
           [38.3, 0.1023],
           [38.4, 0.1017],
           [38.6, 0.1014],
           [38.7, 0.1023],
           [38.9, 0.1009],
           [39.1, 0.1009],
           [39.3, 0.1004],
           [39.4, 0.1],
           [39.6, 0.0997],
           [39.7, 0.09975],
           [39.9, 0.1002],
           [40.1, 0.09941],
           [40.3, 0.09902],
           [40.4, 0.09814],
           [40.6, 0.09832],
           [40.7, 0.0982],
           [40.9, 0.09796],
           [41.1, 0.09762],
           [41.3, 0.09765],
           [41.4, 0.09704],
           [41.6, 0.09632],
           [41.7, 0.0961],
           [41.9, 0.09568],
           [42.1, 0.09626],
           [42.2, 0.09541],
           [42.4, 0.09509],
           [42.6, 0.09489],
           [42.8, 0.09427],
           [42.9, 0.09424],
           [43.1, 0.09403],
           [43.3, 0.09391],
           [43.4, 0.09397],
           [43.6, 0.09356],
           [43.7, 0.09294],
           [43.9, 0.09299],
           [44.1, 0.09264],
           [44.2, 0.09223],
           [44.4, 0.09254],
           [44.6, 0.09146],
           [44.8, 0.09134],
           [44.9, 0.09127],
           [45.1, 0.09041],
           [45.3, 0.09051],
           [45.4, 0.09004],
           [45.6, 0.09035],
           [45.7, 0.09029],
           [45.9, 0.08992],
           [46.1, 0.08931],
           [46.2, 0.08932],
           [46.4, 0.08864],
           [46.6, 0.08817],
           [46.8, 0.08799],
           [46.9, 0.08715],
           [47.1, 0.08742],
           [47.3, 0.08713],
           [47.4, 0.08723],
           [47.6, 0.08664],
           [47.8, 0.08603],
           [47.9, 0.08578],
           [48.1, 0.0852],
           [48.2, 0.08499],
           [48.4, 0.08434],
           [48.6, 0.08441],
           [48.8, 0.08384],
           [48.9, 0.08396],
           [49.1, 0.08336],
           [49.3, 0.08336],
           [49.4, 0.08242],
           [49.6, 0.08246],
           [49.8, 0.08195],
           [49.9, 0.08208],
           [50.1, 0.08166],
           [50.3, 0.08155],
           [50.4, 0.08085],
           [50.6, 0.08046],
           [50.7, 0.07998],
           [51.0, 0.0798],
           [51.1, 0.08004],
           [51.3, 0.0805],
           [51.4, 0.08],
           [51.6, 0.07928],
           [51.8, 0.07854],
           [51.9, 0.07871],
           [52.1, 0.07804],
           [52.3, 0.07787],
           [52.4, 0.07746],
           [52.6, 0.07738],
           [52.7, 0.077],
           [53.0, 0.07622],
           [53.1, 0.07647],
           [53.2, 0.07618],
           [53.4, 0.07579],
           [53.6, 0.07599],
           [53.8, 0.07521],
           [53.9, 0.07478],
           [54.1, 0.07407],
           [54.3, 0.07358],
           [54.4, 0.0731],
           [54.6, 0.07364],
           [54.8, 0.07278],
           [55.0, 0.07259],
           [55.1, 0.07242],
           [55.3, 0.07205],
           [55.5, 0.07168],
           [55.6, 0.07142],
           [55.8, 0.0715],
           [56.0, 0.07083],
           [56.2, 0.07025],
           [56.3, 0.07043],
           [56.4, 0.06982],
           [56.6, 0.06969],
           [56.8, 0.06922],
           [56.9, 0.06929],
           [57.1, 0.06818],
           [57.3, 0.06796],
           [57.4, 0.06763],
           [57.6, 0.06777],
           [57.7, 0.06688],
           [57.9, 0.06703],
           [58.1, 0.06654],
           [58.3, 0.06616],
           [58.4, 0.06626],
           [58.6, 0.06508],
           [58.8, 0.06513],
           [58.9, 0.06479],
           [59.1, 0.06449],
           [59.2, 0.06415],
           [59.4, 0.06365],
           [59.6, 0.06376],
           [59.8, 0.06296],
           [60.0, 0.06337]]}]
